2020-06-22 13:47:58,642 INFO [main] [WeatherdemoApplication.java:36] starting app...
2020-06-22 13:47:59,227 INFO [main] [StartupInfoLogger.java:55] Starting WeatherdemoApplication on gu62ql7 with PID 1072 (C:\v\java\GitHub\cynepCTAPuk\headFirstJava\otus\webinar20191213\weaterdemo\target\classes started by CTAPuk in C:\v\java\GitHub\cynepCTAPuk\headFirstJava\otus\webinar20191213\weaterdemo)
2020-06-22 13:47:59,228 INFO [main] [SpringApplication.java:651] No active profile set, falling back to default profiles: default
2020-06-22 13:48:00,373 INFO [pool-2-thread-1] [WeatherCache.java:26] resetCache
2020-06-22 13:48:00,646 INFO [main] [StartupInfoLogger.java:61] Started WeatherdemoApplication in 1.892 seconds (JVM running for 4.093)
2020-06-22 13:48:10,374 INFO [pool-2-thread-1] [WeatherCache.java:26] resetCache
2020-06-22 13:48:12,795 INFO [http-nio-8080-exec-1] [WeatherRestController.java:30] get weather
2020-06-22 13:48:12,798 INFO [ForkJoinPool.commonPool-worker-5] [YandexWeatherService.java:29] Yandex performing request...
2020-06-22 13:48:12,798 INFO [ForkJoinPool.commonPool-worker-3] [OpenWeatherService.java:46] Open performing request...
2020-06-22 13:48:14,308 INFO [ForkJoinPool.commonPool-worker-5] [YandexWeatherService.java:33] Yandex request done.
2020-06-22 13:48:20,374 INFO [pool-2-thread-1] [WeatherCache.java:26] resetCache
2020-06-22 13:48:30,373 INFO [pool-2-thread-1] [WeatherCache.java:26] resetCache
2020-06-22 13:48:40,374 INFO [pool-2-thread-1] [WeatherCache.java:26] resetCache
2020-06-22 13:48:50,373 INFO [pool-2-thread-1] [WeatherCache.java:26] resetCache
2020-06-22 13:49:00,374 INFO [pool-2-thread-1] [WeatherCache.java:26] resetCache
2020-06-22 13:49:10,375 INFO [pool-2-thread-1] [WeatherCache.java:26] resetCache
2020-06-22 13:49:20,374 INFO [pool-2-thread-1] [WeatherCache.java:26] resetCache
2020-06-22 13:49:30,375 INFO [pool-2-thread-1] [WeatherCache.java:26] resetCache
2020-06-22 13:49:40,374 INFO [pool-2-thread-1] [WeatherCache.java:26] resetCache
2020-06-22 13:49:50,374 INFO [pool-2-thread-1] [WeatherCache.java:26] resetCache
2020-06-22 13:49:59,427 INFO [http-nio-8080-exec-3] [WeatherRestController.java:30] get weather
2020-06-22 13:49:59,428 INFO [ForkJoinPool.commonPool-worker-5] [OpenWeatherService.java:46] Open performing request...
2020-06-22 13:49:59,428 INFO [ForkJoinPool.commonPool-worker-7] [YandexWeatherService.java:29] Yandex performing request...
2020-06-22 13:50:00,373 INFO [pool-2-thread-1] [WeatherCache.java:26] resetCache
2020-06-22 13:50:00,653 INFO [ForkJoinPool.commonPool-worker-7] [YandexWeatherService.java:33] Yandex request done.
2020-06-22 13:50:10,374 INFO [pool-2-thread-1] [WeatherCache.java:26] resetCache
2020-06-22 13:50:20,375 INFO [pool-2-thread-1] [WeatherCache.java:26] resetCache
2020-06-22 13:50:30,373 INFO [pool-2-thread-1] [WeatherCache.java:26] resetCache
2020-06-22 13:50:40,373 INFO [pool-2-thread-1] [WeatherCache.java:26] resetCache
2020-06-22 13:50:50,375 INFO [pool-2-thread-1] [WeatherCache.java:26] resetCache
2020-06-22 13:51:00,374 INFO [pool-2-thread-1] [WeatherCache.java:26] resetCache
2020-06-22 13:51:10,374 INFO [pool-2-thread-1] [WeatherCache.java:26] resetCache
2020-06-22 13:51:20,374 INFO [pool-2-thread-1] [WeatherCache.java:26] resetCache
2020-06-22 13:51:30,373 INFO [pool-2-thread-1] [WeatherCache.java:26] resetCache
2020-06-22 13:51:40,374 INFO [pool-2-thread-1] [WeatherCache.java:26] resetCache
2020-06-22 13:51:50,373 INFO [pool-2-thread-1] [WeatherCache.java:26] resetCache
2020-06-22 13:52:00,375 INFO [pool-2-thread-1] [WeatherCache.java:26] resetCache
2020-06-22 13:52:10,374 INFO [pool-2-thread-1] [WeatherCache.java:26] resetCache
2020-06-22 13:52:20,374 INFO [pool-2-thread-1] [WeatherCache.java:26] resetCache
2020-06-22 13:52:30,375 INFO [pool-2-thread-1] [WeatherCache.java:26] resetCache
2020-06-22 13:52:40,374 INFO [pool-2-thread-1] [WeatherCache.java:26] resetCache
2020-06-22 13:52:50,373 INFO [pool-2-thread-1] [WeatherCache.java:26] resetCache
2020-06-22 13:53:00,373 INFO [pool-2-thread-1] [WeatherCache.java:26] resetCache
2020-06-22 13:53:10,375 INFO [pool-2-thread-1] [WeatherCache.java:26] resetCache
2020-06-22 13:53:20,374 INFO [pool-2-thread-1] [WeatherCache.java:26] resetCache
2020-06-22 13:53:30,375 INFO [pool-2-thread-1] [WeatherCache.java:26] resetCache
2020-06-22 13:53:40,375 INFO [pool-2-thread-1] [WeatherCache.java:26] resetCache
2020-06-22 13:53:50,374 INFO [pool-2-thread-1] [WeatherCache.java:26] resetCache
2020-06-22 13:54:00,374 INFO [pool-2-thread-1] [WeatherCache.java:26] resetCache
2020-06-22 13:54:10,375 INFO [pool-2-thread-1] [WeatherCache.java:26] resetCache
2020-06-22 13:54:20,374 INFO [pool-2-thread-1] [WeatherCache.java:26] resetCache
2020-06-22 13:54:30,374 INFO [pool-2-thread-1] [WeatherCache.java:26] resetCache
2020-06-22 13:54:40,374 INFO [pool-2-thread-1] [WeatherCache.java:26] resetCache
2020-06-22 13:54:50,374 INFO [pool-2-thread-1] [WeatherCache.java:26] resetCache
2020-06-22 13:55:00,375 INFO [pool-2-thread-1] [WeatherCache.java:26] resetCache
2020-06-22 13:55:10,373 INFO [pool-2-thread-1] [WeatherCache.java:26] resetCache
2020-06-22 13:55:20,374 INFO [pool-2-thread-1] [WeatherCache.java:26] resetCache
2020-06-22 13:55:30,374 INFO [pool-2-thread-1] [WeatherCache.java:26] resetCache
2020-06-22 13:55:40,374 INFO [pool-2-thread-1] [WeatherCache.java:26] resetCache
2020-06-22 13:55:50,374 INFO [pool-2-thread-1] [WeatherCache.java:26] resetCache
2020-06-22 13:56:00,373 INFO [pool-2-thread-1] [WeatherCache.java:26] resetCache
2020-06-22 13:56:10,373 INFO [pool-2-thread-1] [WeatherCache.java:26] resetCache
2020-06-22 13:56:20,375 INFO [pool-2-thread-1] [WeatherCache.java:26] resetCache
2020-06-22 13:56:30,374 INFO [pool-2-thread-1] [WeatherCache.java:26] resetCache
2020-06-22 13:56:40,375 INFO [pool-2-thread-1] [WeatherCache.java:26] resetCache
2020-06-22 13:56:50,375 INFO [pool-2-thread-1] [WeatherCache.java:26] resetCache
2020-06-22 13:57:00,374 INFO [pool-2-thread-1] [WeatherCache.java:26] resetCache
2020-06-22 13:57:10,375 INFO [pool-2-thread-1] [WeatherCache.java:26] resetCache
2020-06-22 13:57:20,373 INFO [pool-2-thread-1] [WeatherCache.java:26] resetCache
2020-06-22 13:57:30,374 INFO [pool-2-thread-1] [WeatherCache.java:26] resetCache
2020-06-22 13:57:40,374 INFO [pool-2-thread-1] [WeatherCache.java:26] resetCache
2020-06-22 13:57:50,373 INFO [pool-2-thread-1] [WeatherCache.java:26] resetCache
2020-06-22 13:58:00,373 INFO [pool-2-thread-1] [WeatherCache.java:26] resetCache
2020-06-22 13:58:10,374 INFO [pool-2-thread-1] [WeatherCache.java:26] resetCache
2020-06-22 13:58:20,374 INFO [pool-2-thread-1] [WeatherCache.java:26] resetCache
2020-06-22 13:58:30,374 INFO [pool-2-thread-1] [WeatherCache.java:26] resetCache
2020-06-22 13:58:40,374 INFO [pool-2-thread-1] [WeatherCache.java:26] resetCache
2020-06-22 13:58:50,375 INFO [pool-2-thread-1] [WeatherCache.java:26] resetCache
2020-06-22 13:59:00,374 INFO [pool-2-thread-1] [WeatherCache.java:26] resetCache
2020-06-22 13:59:10,375 INFO [pool-2-thread-1] [WeatherCache.java:26] resetCache
2020-06-22 13:59:20,373 INFO [pool-2-thread-1] [WeatherCache.java:26] resetCache
2020-06-22 13:59:30,373 INFO [pool-2-thread-1] [WeatherCache.java:26] resetCache
2020-06-22 13:59:40,374 INFO [pool-2-thread-1] [WeatherCache.java:26] resetCache
2020-06-22 13:59:50,374 INFO [pool-2-thread-1] [WeatherCache.java:26] resetCache
2020-06-22 14:00:00,374 INFO [pool-2-thread-1] [WeatherCache.java:26] resetCache
2020-06-22 14:00:10,373 INFO [pool-2-thread-1] [WeatherCache.java:26] resetCache
2020-06-22 14:00:20,374 INFO [pool-2-thread-1] [WeatherCache.java:26] resetCache
2020-06-22 14:00:30,375 INFO [pool-2-thread-1] [WeatherCache.java:26] resetCache
2020-06-22 14:00:40,375 INFO [pool-2-thread-1] [WeatherCache.java:26] resetCache
2020-06-22 14:00:50,373 INFO [pool-2-thread-1] [WeatherCache.java:26] resetCache
2020-06-22 14:01:00,374 INFO [pool-2-thread-1] [WeatherCache.java:26] resetCache
2020-06-22 14:01:10,374 INFO [pool-2-thread-1] [WeatherCache.java:26] resetCache
2020-06-22 14:01:20,375 INFO [pool-2-thread-1] [WeatherCache.java:26] resetCache
2020-06-22 14:01:30,373 INFO [pool-2-thread-1] [WeatherCache.java:26] resetCache
2020-06-22 14:01:40,375 INFO [pool-2-thread-1] [WeatherCache.java:26] resetCache
2020-06-22 14:01:50,375 INFO [pool-2-thread-1] [WeatherCache.java:26] resetCache
2020-06-22 14:02:00,373 INFO [pool-2-thread-1] [WeatherCache.java:26] resetCache
2020-06-22 14:02:10,374 INFO [pool-2-thread-1] [WeatherCache.java:26] resetCache
2020-06-22 14:02:20,375 INFO [pool-2-thread-1] [WeatherCache.java:26] resetCache
2020-06-22 14:02:30,374 INFO [pool-2-thread-1] [WeatherCache.java:26] resetCache
2020-06-22 14:02:40,374 INFO [pool-2-thread-1] [WeatherCache.java:26] resetCache
2020-06-22 14:02:50,375 INFO [pool-2-thread-1] [WeatherCache.java:26] resetCache
2020-06-22 14:03:00,374 INFO [pool-2-thread-1] [WeatherCache.java:26] resetCache
2020-06-22 14:03:10,373 INFO [pool-2-thread-1] [WeatherCache.java:26] resetCache
2020-06-22 14:03:20,373 INFO [pool-2-thread-1] [WeatherCache.java:26] resetCache
2020-06-22 14:03:30,374 INFO [pool-2-thread-1] [WeatherCache.java:26] resetCache
2020-06-22 14:03:40,373 INFO [pool-2-thread-1] [WeatherCache.java:26] resetCache
2020-06-22 14:03:50,375 INFO [pool-2-thread-1] [WeatherCache.java:26] resetCache
2020-06-22 14:04:00,374 INFO [pool-2-thread-1] [WeatherCache.java:26] resetCache
2020-06-22 14:04:10,373 INFO [pool-2-thread-1] [WeatherCache.java:26] resetCache
2020-06-22 14:04:20,375 INFO [pool-2-thread-1] [WeatherCache.java:26] resetCache
2020-06-22 14:04:30,374 INFO [pool-2-thread-1] [WeatherCache.java:26] resetCache
2020-06-22 14:04:40,375 INFO [pool-2-thread-1] [WeatherCache.java:26] resetCache
2020-06-22 14:04:50,374 INFO [pool-2-thread-1] [WeatherCache.java:26] resetCache
2020-06-22 14:05:00,373 INFO [pool-2-thread-1] [WeatherCache.java:26] resetCache
2020-06-22 14:05:10,373 INFO [pool-2-thread-1] [WeatherCache.java:26] resetCache
2020-06-22 14:05:20,373 INFO [pool-2-thread-1] [WeatherCache.java:26] resetCache
2020-06-22 14:05:30,375 INFO [pool-2-thread-1] [WeatherCache.java:26] resetCache
2020-06-22 14:05:40,374 INFO [pool-2-thread-1] [WeatherCache.java:26] resetCache
2020-06-22 14:05:50,373 INFO [pool-2-thread-1] [WeatherCache.java:26] resetCache
2020-06-22 14:06:00,374 INFO [pool-2-thread-1] [WeatherCache.java:26] resetCache
2020-06-22 14:06:00,623 INFO [http-nio-8080-exec-5] [WeatherRestController.java:30] get weather
2020-06-22 14:06:00,625 INFO [ForkJoinPool.commonPool-worker-11] [YandexWeatherService.java:29] Yandex performing request...
2020-06-22 14:06:00,625 INFO [ForkJoinPool.commonPool-worker-9] [OpenWeatherService.java:46] Open performing request...
2020-06-22 14:06:01,857 INFO [ForkJoinPool.commonPool-worker-11] [YandexWeatherService.java:33] Yandex request done.
2020-06-22 14:06:10,375 INFO [pool-2-thread-1] [WeatherCache.java:26] resetCache
2020-06-22 14:06:20,373 INFO [pool-2-thread-1] [WeatherCache.java:26] resetCache
2020-06-22 14:06:30,375 INFO [pool-2-thread-1] [WeatherCache.java:26] resetCache
2020-06-22 14:06:40,374 INFO [pool-2-thread-1] [WeatherCache.java:26] resetCache
2020-06-22 14:06:50,374 INFO [pool-2-thread-1] [WeatherCache.java:26] resetCache
2020-06-22 14:07:00,374 INFO [pool-2-thread-1] [WeatherCache.java:26] resetCache
2020-06-22 14:07:10,373 INFO [pool-2-thread-1] [WeatherCache.java:26] resetCache
2020-06-22 14:07:20,374 INFO [pool-2-thread-1] [WeatherCache.java:26] resetCache
2020-06-22 14:07:30,373 INFO [pool-2-thread-1] [WeatherCache.java:26] resetCache
2020-06-22 14:07:40,375 INFO [pool-2-thread-1] [WeatherCache.java:26] resetCache
2020-06-22 14:07:50,373 INFO [pool-2-thread-1] [WeatherCache.java:26] resetCache
2020-06-22 14:08:00,375 INFO [pool-2-thread-1] [WeatherCache.java:26] resetCache
2020-06-22 14:08:10,373 INFO [pool-2-thread-1] [WeatherCache.java:26] resetCache
2020-06-22 14:08:20,374 INFO [pool-2-thread-1] [WeatherCache.java:26] resetCache
2020-06-22 14:08:30,375 INFO [pool-2-thread-1] [WeatherCache.java:26] resetCache
2020-06-22 14:08:40,374 INFO [pool-2-thread-1] [WeatherCache.java:26] resetCache
2020-06-22 14:08:50,373 INFO [pool-2-thread-1] [WeatherCache.java:26] resetCache
2020-06-22 14:09:00,373 INFO [pool-2-thread-1] [WeatherCache.java:26] resetCache
2020-06-22 14:09:14,185 INFO [main] [WeatherdemoApplication.java:36] starting app...
2020-06-22 14:09:14,628 INFO [main] [StartupInfoLogger.java:55] Starting WeatherdemoApplication on gu62ql7 with PID 13552 (C:\v\java\GitHub\cynepCTAPuk\headFirstJava\otus\webinar20191213\weaterdemo\target\classes started by CTAPuk in C:\v\java\GitHub\cynepCTAPuk\headFirstJava\otus\webinar20191213\weaterdemo)
2020-06-22 14:09:14,629 INFO [main] [SpringApplication.java:651] No active profile set, falling back to default profiles: default
2020-06-22 14:09:15,726 INFO [pool-2-thread-1] [WeatherCache.java:26] resetCache
2020-06-22 14:09:15,915 INFO [main] [StartupInfoLogger.java:61] Started WeatherdemoApplication in 1.645 seconds (JVM running for 2.456)
2020-06-22 14:09:25,727 INFO [pool-2-thread-1] [WeatherCache.java:26] resetCache
2020-06-22 14:09:35,727 INFO [pool-2-thread-1] [WeatherCache.java:26] resetCache
2020-06-22 14:09:45,728 INFO [pool-2-thread-1] [WeatherCache.java:26] resetCache
2020-06-22 14:09:55,726 INFO [pool-2-thread-1] [WeatherCache.java:26] resetCache
2020-06-22 14:10:05,727 INFO [pool-2-thread-1] [WeatherCache.java:26] resetCache
2020-06-22 14:10:15,726 INFO [pool-2-thread-1] [WeatherCache.java:26] resetCache
2020-06-22 14:10:25,728 INFO [pool-2-thread-1] [WeatherCache.java:26] resetCache
2020-06-22 14:10:35,727 INFO [pool-2-thread-1] [WeatherCache.java:26] resetCache
2020-06-22 14:10:45,728 INFO [pool-2-thread-1] [WeatherCache.java:26] resetCache
2020-06-22 14:10:55,726 INFO [pool-2-thread-1] [WeatherCache.java:26] resetCache
2020-06-22 14:11:05,727 INFO [pool-2-thread-1] [WeatherCache.java:26] resetCache
2020-06-22 14:11:15,728 INFO [pool-2-thread-1] [WeatherCache.java:26] resetCache
2020-06-22 14:11:25,728 INFO [pool-2-thread-1] [WeatherCache.java:26] resetCache
2020-06-22 14:11:35,727 INFO [pool-2-thread-1] [WeatherCache.java:26] resetCache
2020-06-22 14:11:45,727 INFO [pool-2-thread-1] [WeatherCache.java:26] resetCache
2020-06-22 14:11:55,727 INFO [pool-2-thread-1] [WeatherCache.java:26] resetCache
2020-06-22 14:12:05,727 INFO [pool-2-thread-1] [WeatherCache.java:26] resetCache
2020-06-22 14:12:15,728 INFO [pool-2-thread-1] [WeatherCache.java:26] resetCache
2020-06-22 14:12:25,728 INFO [pool-2-thread-1] [WeatherCache.java:26] resetCache
2020-06-22 14:12:35,728 INFO [pool-2-thread-1] [WeatherCache.java:26] resetCache
2020-06-22 14:12:45,727 INFO [pool-2-thread-1] [WeatherCache.java:26] resetCache
2020-06-22 14:12:55,727 INFO [pool-2-thread-1] [WeatherCache.java:26] resetCache
2020-06-22 14:13:05,727 INFO [pool-2-thread-1] [WeatherCache.java:26] resetCache
2020-06-22 14:13:15,728 INFO [pool-2-thread-1] [WeatherCache.java:26] resetCache
2020-06-22 14:13:25,727 INFO [pool-2-thread-1] [WeatherCache.java:26] resetCache
2020-06-22 14:13:35,727 INFO [pool-2-thread-1] [WeatherCache.java:26] resetCache
2020-06-22 14:13:45,728 INFO [pool-2-thread-1] [WeatherCache.java:26] resetCache
2020-06-22 14:13:55,726 INFO [pool-2-thread-1] [WeatherCache.java:26] resetCache
2020-06-22 14:14:05,728 INFO [pool-2-thread-1] [WeatherCache.java:26] resetCache
2020-06-22 14:14:15,727 INFO [pool-2-thread-1] [WeatherCache.java:26] resetCache
2020-06-22 14:14:25,726 INFO [pool-2-thread-1] [WeatherCache.java:26] resetCache
2020-06-22 14:14:35,727 INFO [pool-2-thread-1] [WeatherCache.java:26] resetCache
2020-06-22 14:14:45,728 INFO [pool-2-thread-1] [WeatherCache.java:26] resetCache
2020-06-22 14:14:55,728 INFO [pool-2-thread-1] [WeatherCache.java:26] resetCache
2020-06-22 14:15:05,728 INFO [pool-2-thread-1] [WeatherCache.java:26] resetCache
2020-06-22 14:15:15,726 INFO [pool-2-thread-1] [WeatherCache.java:26] resetCache
2020-06-22 14:15:25,728 INFO [pool-2-thread-1] [WeatherCache.java:26] resetCache
2020-06-22 14:15:35,727 INFO [pool-2-thread-1] [WeatherCache.java:26] resetCache
2020-06-22 14:15:45,728 INFO [pool-2-thread-1] [WeatherCache.java:26] resetCache
2020-06-22 14:15:55,727 INFO [pool-2-thread-1] [WeatherCache.java:26] resetCache
2020-06-22 14:16:05,728 INFO [pool-2-thread-1] [WeatherCache.java:26] resetCache
2020-06-22 14:16:15,727 INFO [pool-2-thread-1] [WeatherCache.java:26] resetCache
2020-06-22 14:16:25,727 INFO [pool-2-thread-1] [WeatherCache.java:26] resetCache
2020-06-22 14:16:35,727 INFO [pool-2-thread-1] [WeatherCache.java:26] resetCache
2020-06-22 14:16:45,726 INFO [pool-2-thread-1] [WeatherCache.java:26] resetCache
2020-06-22 14:16:55,728 INFO [pool-2-thread-1] [WeatherCache.java:26] resetCache
2020-06-22 14:17:05,727 INFO [pool-2-thread-1] [WeatherCache.java:26] resetCache
2020-06-22 14:17:15,727 INFO [pool-2-thread-1] [WeatherCache.java:26] resetCache
2020-06-22 14:17:25,726 INFO [pool-2-thread-1] [WeatherCache.java:26] resetCache
2020-06-22 14:17:35,728 INFO [pool-2-thread-1] [WeatherCache.java:26] resetCache
2020-06-22 14:17:45,728 INFO [pool-2-thread-1] [WeatherCache.java:26] resetCache
2020-06-22 14:17:55,727 INFO [pool-2-thread-1] [WeatherCache.java:26] resetCache
2020-06-22 14:18:05,728 INFO [pool-2-thread-1] [WeatherCache.java:26] resetCache
2020-06-22 14:18:15,727 INFO [pool-2-thread-1] [WeatherCache.java:26] resetCache
2020-06-22 14:18:25,727 INFO [pool-2-thread-1] [WeatherCache.java:26] resetCache
2020-06-22 14:18:35,727 INFO [pool-2-thread-1] [WeatherCache.java:26] resetCache
2020-06-22 14:18:45,727 INFO [pool-2-thread-1] [WeatherCache.java:26] resetCache
2020-06-22 14:18:55,727 INFO [pool-2-thread-1] [WeatherCache.java:26] resetCache
2020-06-22 14:19:05,727 INFO [pool-2-thread-1] [WeatherCache.java:26] resetCache
2020-06-22 14:19:15,728 INFO [pool-2-thread-1] [WeatherCache.java:26] resetCache
2020-06-22 14:19:25,727 INFO [pool-2-thread-1] [WeatherCache.java:26] resetCache
2020-06-22 14:19:35,728 INFO [pool-2-thread-1] [WeatherCache.java:26] resetCache
2020-06-22 14:19:45,727 INFO [pool-2-thread-1] [WeatherCache.java:26] resetCache
2020-06-22 14:19:55,726 INFO [pool-2-thread-1] [WeatherCache.java:26] resetCache
2020-06-22 14:20:05,728 INFO [pool-2-thread-1] [WeatherCache.java:26] resetCache
2020-06-22 14:20:15,727 INFO [pool-2-thread-1] [WeatherCache.java:26] resetCache
2020-06-22 14:20:25,726 INFO [pool-2-thread-1] [WeatherCache.java:26] resetCache
2020-06-22 14:20:35,727 INFO [pool-2-thread-1] [WeatherCache.java:26] resetCache
2020-06-22 14:20:45,728 INFO [pool-2-thread-1] [WeatherCache.java:26] resetCache
2020-06-22 14:20:55,728 INFO [pool-2-thread-1] [WeatherCache.java:26] resetCache
2020-06-22 14:21:05,727 INFO [pool-2-thread-1] [WeatherCache.java:26] resetCache
2020-06-22 14:21:15,728 INFO [pool-2-thread-1] [WeatherCache.java:26] resetCache
2020-06-22 14:21:25,727 INFO [pool-2-thread-1] [WeatherCache.java:26] resetCache
2020-06-22 14:21:35,726 INFO [pool-2-thread-1] [WeatherCache.java:26] resetCache
2020-06-22 14:21:45,728 INFO [pool-2-thread-1] [WeatherCache.java:26] resetCache
2020-06-22 14:21:55,726 INFO [pool-2-thread-1] [WeatherCache.java:26] resetCache
2020-06-22 14:22:05,726 INFO [pool-2-thread-1] [WeatherCache.java:26] resetCache
2020-06-22 14:22:15,727 INFO [pool-2-thread-1] [WeatherCache.java:26] resetCache
2020-06-22 14:22:25,727 INFO [pool-2-thread-1] [WeatherCache.java:26] resetCache
2020-06-22 14:22:35,727 INFO [pool-2-thread-1] [WeatherCache.java:26] resetCache
2020-06-22 14:22:45,727 INFO [pool-2-thread-1] [WeatherCache.java:26] resetCache
2020-06-22 14:22:55,728 INFO [pool-2-thread-1] [WeatherCache.java:26] resetCache
2020-06-22 14:23:05,727 INFO [pool-2-thread-1] [WeatherCache.java:26] resetCache
2020-06-22 14:23:15,726 INFO [pool-2-thread-1] [WeatherCache.java:26] resetCache
2020-06-22 14:23:25,727 INFO [pool-2-thread-1] [WeatherCache.java:26] resetCache
2020-06-22 14:23:35,726 INFO [pool-2-thread-1] [WeatherCache.java:26] resetCache
2020-06-22 14:23:45,728 INFO [pool-2-thread-1] [WeatherCache.java:26] resetCache
2020-06-22 14:23:55,728 INFO [pool-2-thread-1] [WeatherCache.java:26] resetCache
2020-06-22 14:24:05,726 INFO [pool-2-thread-1] [WeatherCache.java:26] resetCache
2020-06-22 14:24:15,726 INFO [pool-2-thread-1] [WeatherCache.java:26] resetCache
2020-06-22 14:24:25,727 INFO [pool-2-thread-1] [WeatherCache.java:26] resetCache
2020-06-22 14:24:35,726 INFO [pool-2-thread-1] [WeatherCache.java:26] resetCache
2020-06-22 14:24:45,728 INFO [pool-2-thread-1] [WeatherCache.java:26] resetCache
2020-06-22 14:24:55,727 INFO [pool-2-thread-1] [WeatherCache.java:26] resetCache
2020-06-22 14:25:05,726 INFO [pool-2-thread-1] [WeatherCache.java:26] resetCache
2020-06-22 14:25:15,727 INFO [pool-2-thread-1] [WeatherCache.java:26] resetCache
2020-06-22 14:25:25,727 INFO [pool-2-thread-1] [WeatherCache.java:26] resetCache
2020-06-22 14:25:35,728 INFO [pool-2-thread-1] [WeatherCache.java:26] resetCache
2020-06-22 14:25:45,727 INFO [pool-2-thread-1] [WeatherCache.java:26] resetCache
2020-06-22 14:25:55,728 INFO [pool-2-thread-1] [WeatherCache.java:26] resetCache
2020-06-22 14:26:05,727 INFO [pool-2-thread-1] [WeatherCache.java:26] resetCache
2020-06-22 14:26:15,728 INFO [pool-2-thread-1] [WeatherCache.java:26] resetCache
2020-06-22 14:26:25,727 INFO [pool-2-thread-1] [WeatherCache.java:26] resetCache
2020-06-22 14:26:35,727 INFO [pool-2-thread-1] [WeatherCache.java:26] resetCache
2020-06-22 14:26:45,727 INFO [pool-2-thread-1] [WeatherCache.java:26] resetCache
2020-06-22 14:26:55,727 INFO [pool-2-thread-1] [WeatherCache.java:26] resetCache
2020-06-22 14:27:05,728 INFO [pool-2-thread-1] [WeatherCache.java:26] resetCache
2020-06-22 14:27:15,728 INFO [pool-2-thread-1] [WeatherCache.java:26] resetCache
2020-06-22 14:27:25,727 INFO [pool-2-thread-1] [WeatherCache.java:26] resetCache
2020-06-22 14:27:35,728 INFO [pool-2-thread-1] [WeatherCache.java:26] resetCache
2020-06-22 14:27:45,726 INFO [pool-2-thread-1] [WeatherCache.java:26] resetCache
2020-06-22 14:27:55,728 INFO [pool-2-thread-1] [WeatherCache.java:26] resetCache
2020-06-22 14:28:05,727 INFO [pool-2-thread-1] [WeatherCache.java:26] resetCache
2020-06-22 14:28:15,727 INFO [pool-2-thread-1] [WeatherCache.java:26] resetCache
2020-06-22 14:28:25,728 INFO [pool-2-thread-1] [WeatherCache.java:26] resetCache
2020-06-22 14:28:35,727 INFO [pool-2-thread-1] [WeatherCache.java:26] resetCache
2020-06-22 14:28:45,727 INFO [pool-2-thread-1] [WeatherCache.java:26] resetCache
2020-06-22 14:28:55,727 INFO [pool-2-thread-1] [WeatherCache.java:26] resetCache
2020-06-22 14:29:05,728 INFO [pool-2-thread-1] [WeatherCache.java:26] resetCache
2020-06-22 14:29:15,728 INFO [pool-2-thread-1] [WeatherCache.java:26] resetCache
2020-06-22 14:29:25,728 INFO [pool-2-thread-1] [WeatherCache.java:26] resetCache
2020-06-22 14:29:35,726 INFO [pool-2-thread-1] [WeatherCache.java:26] resetCache
2020-06-22 14:29:45,728 INFO [pool-2-thread-1] [WeatherCache.java:26] resetCache
2020-06-22 14:29:55,726 INFO [pool-2-thread-1] [WeatherCache.java:26] resetCache
2020-06-22 14:30:05,727 INFO [pool-2-thread-1] [WeatherCache.java:26] resetCache
2020-06-22 14:30:15,727 INFO [pool-2-thread-1] [WeatherCache.java:26] resetCache
2020-06-22 14:30:25,727 INFO [pool-2-thread-1] [WeatherCache.java:26] resetCache
2020-06-22 14:30:35,727 INFO [pool-2-thread-1] [WeatherCache.java:26] resetCache
2020-06-22 14:30:45,728 INFO [pool-2-thread-1] [WeatherCache.java:26] resetCache
2020-06-22 14:30:55,728 INFO [pool-2-thread-1] [WeatherCache.java:26] resetCache
2020-06-22 14:31:05,728 INFO [pool-2-thread-1] [WeatherCache.java:26] resetCache
2020-06-22 14:31:15,727 INFO [pool-2-thread-1] [WeatherCache.java:26] resetCache
2020-06-22 14:31:25,727 INFO [pool-2-thread-1] [WeatherCache.java:26] resetCache
2020-06-22 14:31:35,727 INFO [pool-2-thread-1] [WeatherCache.java:26] resetCache
2020-06-22 14:31:45,728 INFO [pool-2-thread-1] [WeatherCache.java:26] resetCache
2020-06-22 14:31:55,727 INFO [pool-2-thread-1] [WeatherCache.java:26] resetCache
2020-06-22 14:32:05,726 INFO [pool-2-thread-1] [WeatherCache.java:26] resetCache
2020-06-22 14:32:15,727 INFO [pool-2-thread-1] [WeatherCache.java:26] resetCache
2020-06-22 14:32:25,727 INFO [pool-2-thread-1] [WeatherCache.java:26] resetCache
2020-06-22 14:32:35,728 INFO [pool-2-thread-1] [WeatherCache.java:26] resetCache
2020-06-22 14:32:45,728 INFO [pool-2-thread-1] [WeatherCache.java:26] resetCache
2020-06-22 14:32:55,727 INFO [pool-2-thread-1] [WeatherCache.java:26] resetCache
2020-06-22 14:33:05,727 INFO [pool-2-thread-1] [WeatherCache.java:26] resetCache
2020-06-22 14:33:15,726 INFO [pool-2-thread-1] [WeatherCache.java:26] resetCache
2020-06-22 14:33:25,727 INFO [pool-2-thread-1] [WeatherCache.java:26] resetCache
2020-06-22 14:33:35,727 INFO [pool-2-thread-1] [WeatherCache.java:26] resetCache
2020-06-22 14:33:45,728 INFO [pool-2-thread-1] [WeatherCache.java:26] resetCache
2020-06-22 14:33:55,728 INFO [pool-2-thread-1] [WeatherCache.java:26] resetCache
2020-06-22 14:34:05,728 INFO [pool-2-thread-1] [WeatherCache.java:26] resetCache
2020-06-22 14:34:15,727 INFO [pool-2-thread-1] [WeatherCache.java:26] resetCache
2020-06-22 14:34:25,727 INFO [pool-2-thread-1] [WeatherCache.java:26] resetCache
2020-06-22 14:34:30,244 INFO [http-nio-8080-exec-1] [WeatherRestController.java:30] get weather
2020-06-22 14:34:30,247 INFO [ForkJoinPool.commonPool-worker-5] [YandexWeatherService.java:26] Yandex performing request...
2020-06-22 14:34:30,247 INFO [ForkJoinPool.commonPool-worker-3] [OpenWeatherService.java:44] Open performing request...
2020-06-22 14:34:31,632 INFO [ForkJoinPool.commonPool-worker-5] [YandexWeatherService.java:31] Yandex request done.
2020-06-22 14:34:35,728 INFO [pool-2-thread-1] [WeatherCache.java:26] resetCache
2020-06-22 14:34:45,728 INFO [pool-2-thread-1] [WeatherCache.java:26] resetCache
2020-06-22 14:34:55,726 INFO [pool-2-thread-1] [WeatherCache.java:26] resetCache
2020-06-22 14:35:05,728 INFO [pool-2-thread-1] [WeatherCache.java:26] resetCache
2020-06-22 14:35:15,726 INFO [pool-2-thread-1] [WeatherCache.java:26] resetCache
2020-06-22 14:35:25,728 INFO [pool-2-thread-1] [WeatherCache.java:26] resetCache
2020-06-22 14:35:35,727 INFO [pool-2-thread-1] [WeatherCache.java:26] resetCache
2020-06-22 14:35:45,727 INFO [pool-2-thread-1] [WeatherCache.java:26] resetCache
2020-06-22 14:35:55,727 INFO [pool-2-thread-1] [WeatherCache.java:26] resetCache
2020-06-22 14:36:05,728 INFO [pool-2-thread-1] [WeatherCache.java:26] resetCache
2020-06-22 14:36:15,727 INFO [pool-2-thread-1] [WeatherCache.java:26] resetCache
2020-06-22 14:36:25,726 INFO [pool-2-thread-1] [WeatherCache.java:26] resetCache
2020-06-22 14:36:35,728 INFO [pool-2-thread-1] [WeatherCache.java:26] resetCache
2020-06-22 14:36:45,727 INFO [pool-2-thread-1] [WeatherCache.java:26] resetCache
2020-06-22 14:36:55,726 INFO [pool-2-thread-1] [WeatherCache.java:26] resetCache
2020-06-22 14:37:05,728 INFO [pool-2-thread-1] [WeatherCache.java:26] resetCache
2020-06-22 14:37:15,726 INFO [pool-2-thread-1] [WeatherCache.java:26] resetCache
2020-06-22 14:37:25,728 INFO [pool-2-thread-1] [WeatherCache.java:26] resetCache
2020-06-22 14:37:35,727 INFO [pool-2-thread-1] [WeatherCache.java:26] resetCache
2020-06-22 14:37:45,728 INFO [pool-2-thread-1] [WeatherCache.java:26] resetCache
2020-06-22 14:37:55,728 INFO [pool-2-thread-1] [WeatherCache.java:26] resetCache
2020-06-22 14:38:05,727 INFO [pool-2-thread-1] [WeatherCache.java:26] resetCache
2020-06-22 14:38:15,728 INFO [pool-2-thread-1] [WeatherCache.java:26] resetCache
2020-06-22 14:38:25,728 INFO [pool-2-thread-1] [WeatherCache.java:26] resetCache
2020-06-22 14:38:35,727 INFO [pool-2-thread-1] [WeatherCache.java:26] resetCache
2020-06-22 14:38:45,727 INFO [pool-2-thread-1] [WeatherCache.java:26] resetCache
2020-06-22 14:38:55,728 INFO [pool-2-thread-1] [WeatherCache.java:26] resetCache
2020-06-22 14:39:05,422 INFO [http-nio-8080-exec-3] [WeatherRestController.java:36] get weatherNull
2020-06-22 14:39:05,425 INFO [pool-3-thread-2] [YandexWeatherService.java:26] Yandex performing request...
2020-06-22 14:39:05,425 INFO [pool-3-thread-1] [OpenWeatherService.java:44] Open performing request...
2020-06-22 14:39:05,726 INFO [pool-2-thread-1] [WeatherCache.java:26] resetCache
2020-06-22 14:39:06,700 INFO [pool-3-thread-2] [YandexWeatherService.java:31] Yandex request done.
2020-06-22 14:39:11,033 INFO [http-nio-8080-exec-4] [WeatherRestController.java:30] get weather
2020-06-22 14:39:15,728 INFO [pool-2-thread-1] [WeatherCache.java:26] resetCache
2020-06-22 14:39:25,728 INFO [pool-2-thread-1] [WeatherCache.java:26] resetCache
2020-06-22 14:39:35,728 INFO [pool-2-thread-1] [WeatherCache.java:26] resetCache
2020-06-22 14:39:45,728 INFO [pool-2-thread-1] [WeatherCache.java:26] resetCache
2020-06-22 14:39:55,727 INFO [pool-2-thread-1] [WeatherCache.java:26] resetCache
2020-06-22 14:40:05,726 INFO [pool-2-thread-1] [WeatherCache.java:26] resetCache
2020-06-22 14:40:15,728 INFO [pool-2-thread-1] [WeatherCache.java:26] resetCache
2020-06-22 14:40:25,728 INFO [pool-2-thread-1] [WeatherCache.java:26] resetCache
2020-06-22 14:40:35,728 INFO [pool-2-thread-1] [WeatherCache.java:26] resetCache
2020-06-22 14:40:45,728 INFO [pool-2-thread-1] [WeatherCache.java:26] resetCache
2020-06-22 14:40:55,727 INFO [pool-2-thread-1] [WeatherCache.java:26] resetCache
2020-06-22 14:41:05,728 INFO [pool-2-thread-1] [WeatherCache.java:26] resetCache
2020-06-22 14:41:15,727 INFO [pool-2-thread-1] [WeatherCache.java:26] resetCache
2020-06-22 14:41:25,727 INFO [pool-2-thread-1] [WeatherCache.java:26] resetCache
2020-06-22 14:41:35,728 INFO [pool-2-thread-1] [WeatherCache.java:26] resetCache
2020-06-22 14:41:45,726 INFO [pool-2-thread-1] [WeatherCache.java:26] resetCache
2020-06-22 14:41:55,727 INFO [pool-2-thread-1] [WeatherCache.java:26] resetCache
2020-06-22 14:42:05,727 INFO [pool-2-thread-1] [WeatherCache.java:26] resetCache
2020-06-22 14:42:15,728 INFO [pool-2-thread-1] [WeatherCache.java:26] resetCache
2020-06-22 14:42:25,727 INFO [pool-2-thread-1] [WeatherCache.java:26] resetCache
2020-06-22 14:42:35,727 INFO [pool-2-thread-1] [WeatherCache.java:26] resetCache
2020-06-22 14:42:45,727 INFO [pool-2-thread-1] [WeatherCache.java:26] resetCache
2020-06-22 14:42:55,728 INFO [pool-2-thread-1] [WeatherCache.java:26] resetCache
2020-06-22 14:43:05,726 INFO [pool-2-thread-1] [WeatherCache.java:26] resetCache
2020-06-22 14:43:15,728 INFO [pool-2-thread-1] [WeatherCache.java:26] resetCache
2020-06-22 14:43:25,728 INFO [pool-2-thread-1] [WeatherCache.java:26] resetCache
2020-06-22 14:43:35,726 INFO [pool-2-thread-1] [WeatherCache.java:26] resetCache
2020-06-22 14:43:39,335 INFO [main] [WeatherdemoApplication.java:36] starting app...
2020-06-22 14:43:39,781 INFO [main] [StartupInfoLogger.java:55] Starting WeatherdemoApplication on gu62ql7 with PID 4060 (C:\v\java\GitHub\cynepCTAPuk\headFirstJava\otus\webinar20191213\weaterdemo\target\classes started by CTAPuk in C:\v\java\GitHub\cynepCTAPuk\headFirstJava\otus\webinar20191213\weaterdemo)
2020-06-22 14:43:39,783 INFO [main] [SpringApplication.java:651] No active profile set, falling back to default profiles: default
2020-06-22 14:43:40,984 INFO [pool-2-thread-1] [WeatherCache.java:26] resetCache
2020-06-22 14:43:41,195 INFO [main] [StartupInfoLogger.java:61] Started WeatherdemoApplication in 1.784 seconds (JVM running for 2.558)
2020-06-22 14:43:50,986 INFO [pool-2-thread-1] [WeatherCache.java:26] resetCache
2020-06-22 14:44:00,986 INFO [pool-2-thread-1] [WeatherCache.java:26] resetCache
2020-06-22 14:44:03,595 INFO [http-nio-8080-exec-1] [WeatherRestController.java:30] get weather
2020-06-22 14:44:03,598 INFO [ForkJoinPool.commonPool-worker-5] [YandexWeatherService.java:26] Yandex performing request...
2020-06-22 14:44:03,599 INFO [ForkJoinPool.commonPool-worker-3] [OpenWeatherService.java:44] Open performing request...
2020-06-22 14:44:05,068 INFO [ForkJoinPool.commonPool-worker-5] [YandexWeatherService.java:31] Yandex request done.
2020-06-22 14:44:10,986 INFO [pool-2-thread-1] [WeatherCache.java:26] resetCache
2020-06-22 14:44:42,682 INFO [main] [WeatherdemoApplication.java:36] starting app...
2020-06-22 14:44:43,076 INFO [main] [StartupInfoLogger.java:55] Starting WeatherdemoApplication on gu62ql7 with PID 5540 (C:\v\java\GitHub\cynepCTAPuk\headFirstJava\otus\webinar20191213\weaterdemo\target\classes started by CTAPuk in C:\v\java\GitHub\cynepCTAPuk\headFirstJava\otus\webinar20191213\weaterdemo)
2020-06-22 14:44:43,077 INFO [main] [SpringApplication.java:651] No active profile set, falling back to default profiles: default
2020-06-22 14:44:44,086 INFO [pool-2-thread-1] [WeatherCache.java:26] resetCache
2020-06-22 14:44:44,264 INFO [main] [StartupInfoLogger.java:61] Started WeatherdemoApplication in 1.502 seconds (JVM running for 2.217)
2020-06-22 14:44:54,087 INFO [pool-2-thread-1] [WeatherCache.java:26] resetCache
2020-06-22 14:45:51,311 INFO [main] [WeatherdemoApplication.java:36] starting app...
2020-06-22 14:45:51,700 INFO [main] [StartupInfoLogger.java:55] Starting WeatherdemoApplication on gu62ql7 with PID 13440 (C:\v\java\GitHub\cynepCTAPuk\headFirstJava\otus\webinar20191213\weaterdemo\target\classes started by CTAPuk in C:\v\java\GitHub\cynepCTAPuk\headFirstJava\otus\webinar20191213\weaterdemo)
2020-06-22 14:45:51,701 INFO [main] [SpringApplication.java:651] No active profile set, falling back to default profiles: default
2020-06-22 14:45:52,710 INFO [pool-2-thread-1] [WeatherCache.java:26] resetCache
2020-06-22 14:45:52,894 INFO [main] [StartupInfoLogger.java:61] Started WeatherdemoApplication in 1.508 seconds (JVM running for 2.185)
2020-06-22 14:46:02,711 INFO [pool-2-thread-1] [WeatherCache.java:26] resetCache
2020-06-22 14:46:12,711 INFO [pool-2-thread-1] [WeatherCache.java:26] resetCache
2020-06-22 14:46:22,711 INFO [pool-2-thread-1] [WeatherCache.java:26] resetCache
2020-06-22 14:46:32,711 INFO [pool-2-thread-1] [WeatherCache.java:26] resetCache
2020-06-22 14:46:42,711 INFO [pool-2-thread-1] [WeatherCache.java:26] resetCache
2020-06-22 14:46:52,711 INFO [pool-2-thread-1] [WeatherCache.java:26] resetCache
2020-06-22 14:47:02,712 INFO [pool-2-thread-1] [WeatherCache.java:26] resetCache
2020-06-22 14:47:12,711 INFO [pool-2-thread-1] [WeatherCache.java:26] resetCache
2020-06-22 14:47:22,711 INFO [pool-2-thread-1] [WeatherCache.java:26] resetCache
2020-06-22 14:47:32,712 INFO [pool-2-thread-1] [WeatherCache.java:26] resetCache
2020-06-22 14:47:42,712 INFO [pool-2-thread-1] [WeatherCache.java:26] resetCache
2020-06-22 14:47:52,711 INFO [pool-2-thread-1] [WeatherCache.java:26] resetCache
2020-06-22 14:48:02,711 INFO [pool-2-thread-1] [WeatherCache.java:26] resetCache
2020-06-22 14:48:12,711 INFO [pool-2-thread-1] [WeatherCache.java:26] resetCache
2020-06-22 14:48:22,710 INFO [pool-2-thread-1] [WeatherCache.java:26] resetCache
2020-06-22 14:48:32,710 INFO [pool-2-thread-1] [WeatherCache.java:26] resetCache
2020-06-22 14:48:42,710 INFO [pool-2-thread-1] [WeatherCache.java:26] resetCache
2020-06-22 14:48:52,712 INFO [pool-2-thread-1] [WeatherCache.java:26] resetCache
2020-06-22 14:49:02,711 INFO [pool-2-thread-1] [WeatherCache.java:26] resetCache
2020-06-22 14:49:12,710 INFO [pool-2-thread-1] [WeatherCache.java:26] resetCache
2020-06-22 14:49:22,711 INFO [pool-2-thread-1] [WeatherCache.java:26] resetCache
2020-06-22 14:49:32,711 INFO [pool-2-thread-1] [WeatherCache.java:26] resetCache
2020-06-22 14:49:42,712 INFO [pool-2-thread-1] [WeatherCache.java:26] resetCache
2020-06-22 15:07:06,955 INFO [main] [WeatherdemoApplication.java:36] starting app...
2020-06-22 15:07:07,442 INFO [main] [StartupInfoLogger.java:55] Starting WeatherdemoApplication on gu62ql7 with PID 3016 (C:\v\java\GitHub\cynepCTAPuk\headFirstJava\otus\webinar20191213\weaterdemo\target\classes started by CTAPuk in C:\v\java\GitHub\cynepCTAPuk\headFirstJava\otus\webinar20191213\weaterdemo)
2020-06-22 15:07:07,443 INFO [main] [SpringApplication.java:651] No active profile set, falling back to default profiles: default
2020-06-22 15:07:08,544 INFO [pool-2-thread-1] [WeatherCache.java:26] resetCache
2020-06-22 15:07:08,765 INFO [main] [StartupInfoLogger.java:61] Started WeatherdemoApplication in 1.736 seconds (JVM running for 2.555)
2020-06-22 15:07:12,891 INFO [http-nio-8080-exec-1] [WeatherRestController.java:30] get weather
2020-06-22 15:07:12,894 INFO [ForkJoinPool.commonPool-worker-5] [OpenWeatherService.java:46] Open performing request...
2020-06-22 15:07:12,894 INFO [ForkJoinPool.commonPool-worker-3] [YandexWeatherService.java:26] Yandex performing request...
2020-06-22 15:07:13,660 INFO [ForkJoinPool.commonPool-worker-5] [OpenWeatherService.java:51] Open request done.
2020-06-22 15:07:14,228 INFO [ForkJoinPool.commonPool-worker-3] [YandexWeatherService.java:31] Yandex request done.
2020-06-22 15:07:18,545 INFO [pool-2-thread-1] [WeatherCache.java:26] resetCache
2020-06-22 15:07:28,544 INFO [pool-2-thread-1] [WeatherCache.java:26] resetCache
2020-06-22 15:07:38,545 INFO [pool-2-thread-1] [WeatherCache.java:26] resetCache
2020-06-22 15:07:48,546 INFO [pool-2-thread-1] [WeatherCache.java:26] resetCache
2020-06-22 15:07:53,513 INFO [http-nio-8080-exec-2] [WeatherRestController.java:30] get weather
2020-06-22 15:07:53,513 INFO [ForkJoinPool.commonPool-worker-3] [OpenWeatherService.java:46] Open performing request...
2020-06-22 15:07:53,513 INFO [ForkJoinPool.commonPool-worker-5] [YandexWeatherService.java:26] Yandex performing request...
2020-06-22 15:07:53,719 INFO [ForkJoinPool.commonPool-worker-3] [OpenWeatherService.java:51] Open request done.
2020-06-22 15:07:54,708 INFO [ForkJoinPool.commonPool-worker-5] [YandexWeatherService.java:31] Yandex request done.
2020-06-22 15:07:58,544 INFO [pool-2-thread-1] [WeatherCache.java:26] resetCache
2020-06-22 15:07:59,772 INFO [http-nio-8080-exec-3] [WeatherRestController.java:30] get weather
2020-06-22 15:07:59,773 INFO [ForkJoinPool.commonPool-worker-5] [OpenWeatherService.java:46] Open performing request...
2020-06-22 15:07:59,773 INFO [ForkJoinPool.commonPool-worker-3] [YandexWeatherService.java:26] Yandex performing request...
2020-06-22 15:07:59,950 INFO [ForkJoinPool.commonPool-worker-5] [OpenWeatherService.java:51] Open request done.
2020-06-22 15:08:00,951 INFO [ForkJoinPool.commonPool-worker-3] [YandexWeatherService.java:31] Yandex request done.
2020-06-22 15:08:07,860 INFO [http-nio-8080-exec-5] [WeatherRestController.java:30] get weather
2020-06-22 15:08:08,546 INFO [pool-2-thread-1] [WeatherCache.java:26] resetCache
2020-06-22 15:08:18,544 INFO [pool-2-thread-1] [WeatherCache.java:26] resetCache
2020-06-22 15:08:28,544 INFO [pool-2-thread-1] [WeatherCache.java:26] resetCache
2020-06-22 15:08:38,544 INFO [pool-2-thread-1] [WeatherCache.java:26] resetCache
2020-06-22 15:08:43,554 INFO [http-nio-8080-exec-4] [WeatherRestController.java:30] get weather
2020-06-22 15:08:43,554 INFO [ForkJoinPool.commonPool-worker-5] [OpenWeatherService.java:46] Open performing request...
2020-06-22 15:08:43,554 INFO [ForkJoinPool.commonPool-worker-3] [YandexWeatherService.java:26] Yandex performing request...
2020-06-22 15:08:43,727 INFO [ForkJoinPool.commonPool-worker-5] [OpenWeatherService.java:51] Open request done.
2020-06-22 15:08:44,722 INFO [ForkJoinPool.commonPool-worker-3] [YandexWeatherService.java:31] Yandex request done.
2020-06-22 15:08:48,545 INFO [pool-2-thread-1] [WeatherCache.java:26] resetCache
2020-06-22 15:08:53,617 INFO [http-nio-8080-exec-6] [WeatherRestController.java:30] get weather
2020-06-22 15:08:53,617 INFO [ForkJoinPool.commonPool-worker-5] [OpenWeatherService.java:46] Open performing request...
2020-06-22 15:08:53,617 INFO [ForkJoinPool.commonPool-worker-3] [YandexWeatherService.java:26] Yandex performing request...
2020-06-22 15:08:53,751 INFO [ForkJoinPool.commonPool-worker-5] [OpenWeatherService.java:51] Open request done.
2020-06-22 15:08:54,757 INFO [ForkJoinPool.commonPool-worker-3] [YandexWeatherService.java:31] Yandex request done.
2020-06-22 15:08:58,546 INFO [pool-2-thread-1] [WeatherCache.java:26] resetCache
2020-06-22 15:09:08,544 INFO [pool-2-thread-1] [WeatherCache.java:26] resetCache
2020-06-22 15:09:18,544 INFO [pool-2-thread-1] [WeatherCache.java:26] resetCache
2020-06-22 15:09:28,545 INFO [pool-2-thread-1] [WeatherCache.java:26] resetCache
2020-06-22 15:09:38,544 INFO [pool-2-thread-1] [WeatherCache.java:26] resetCache
2020-06-22 15:09:48,546 INFO [pool-2-thread-1] [WeatherCache.java:26] resetCache
2020-06-22 15:09:58,545 INFO [pool-2-thread-1] [WeatherCache.java:26] resetCache
2020-06-22 15:10:08,546 INFO [pool-2-thread-1] [WeatherCache.java:26] resetCache
2020-06-22 15:10:18,545 INFO [pool-2-thread-1] [WeatherCache.java:26] resetCache
2020-06-22 15:10:28,544 INFO [pool-2-thread-1] [WeatherCache.java:26] resetCache
2020-06-22 15:10:38,546 INFO [pool-2-thread-1] [WeatherCache.java:26] resetCache
2020-06-22 15:10:48,546 INFO [pool-2-thread-1] [WeatherCache.java:26] resetCache
2020-06-22 15:10:58,546 INFO [pool-2-thread-1] [WeatherCache.java:26] resetCache
2020-06-22 15:11:08,546 INFO [pool-2-thread-1] [WeatherCache.java:26] resetCache
2020-06-22 15:11:18,546 INFO [pool-2-thread-1] [WeatherCache.java:26] resetCache
2020-06-22 15:11:28,546 INFO [pool-2-thread-1] [WeatherCache.java:26] resetCache
2020-06-22 15:11:38,545 INFO [pool-2-thread-1] [WeatherCache.java:26] resetCache
2020-06-22 15:11:48,545 INFO [pool-2-thread-1] [WeatherCache.java:26] resetCache
2020-06-22 15:11:58,546 INFO [pool-2-thread-1] [WeatherCache.java:26] resetCache
2020-06-22 15:12:08,545 INFO [pool-2-thread-1] [WeatherCache.java:26] resetCache
2020-06-22 15:12:18,546 INFO [pool-2-thread-1] [WeatherCache.java:26] resetCache
2020-06-22 15:12:28,545 INFO [pool-2-thread-1] [WeatherCache.java:26] resetCache
2020-06-22 15:12:38,546 INFO [pool-2-thread-1] [WeatherCache.java:26] resetCache
2020-06-22 15:12:48,546 INFO [pool-2-thread-1] [WeatherCache.java:26] resetCache
2020-06-22 15:12:58,545 INFO [pool-2-thread-1] [WeatherCache.java:26] resetCache
2020-06-22 15:13:08,545 INFO [pool-2-thread-1] [WeatherCache.java:26] resetCache
2020-06-22 15:13:18,546 INFO [pool-2-thread-1] [WeatherCache.java:26] resetCache
2020-06-22 15:13:28,545 INFO [pool-2-thread-1] [WeatherCache.java:26] resetCache
2020-06-22 15:13:38,545 INFO [pool-2-thread-1] [WeatherCache.java:26] resetCache
2020-06-22 15:13:48,545 INFO [pool-2-thread-1] [WeatherCache.java:26] resetCache
2020-06-22 15:13:58,545 INFO [pool-2-thread-1] [WeatherCache.java:26] resetCache
2020-06-22 15:14:08,546 INFO [pool-2-thread-1] [WeatherCache.java:26] resetCache
2020-06-22 15:14:19,819 INFO [main] [WeatherdemoApplication.java:36] starting app...
2020-06-22 15:14:20,318 INFO [main] [StartupInfoLogger.java:55] Starting WeatherdemoApplication on gu62ql7 with PID 16224 (C:\v\java\GitHub\cynepCTAPuk\headFirstJava\otus\webinar20191213\weaterdemo\target\classes started by CTAPuk in C:\v\java\GitHub\cynepCTAPuk\headFirstJava\otus\webinar20191213\weaterdemo)
2020-06-22 15:14:20,319 INFO [main] [SpringApplication.java:651] No active profile set, falling back to default profiles: default
2020-06-22 15:14:21,342 INFO [pool-2-thread-1] [WeatherCache.java:25] resetCache
2020-06-22 15:14:21,537 INFO [main] [StartupInfoLogger.java:61] Started WeatherdemoApplication in 1.637 seconds (JVM running for 2.392)
2020-06-22 15:14:29,289 INFO [main] [WeatherdemoApplication.java:36] starting app...
2020-06-22 15:14:29,723 INFO [main] [StartupInfoLogger.java:55] Starting WeatherdemoApplication on gu62ql7 with PID 2448 (C:\v\java\GitHub\cynepCTAPuk\headFirstJava\otus\webinar20191213\weaterdemo\target\classes started by CTAPuk in C:\v\java\GitHub\cynepCTAPuk\headFirstJava\otus\webinar20191213\weaterdemo)
2020-06-22 15:14:29,723 INFO [main] [SpringApplication.java:651] No active profile set, falling back to default profiles: default
2020-06-22 15:14:33,291 INFO [pool-2-thread-1] [WeatherCache.java:25] resetCache
2020-06-22 15:15:08,930 INFO [pool-2-thread-1] [WeatherCache.java:25] resetCache
2020-06-22 15:15:10,936 INFO [pool-2-thread-1] [WeatherCache.java:25] resetCache
2020-06-22 15:15:12,212 INFO [pool-2-thread-1] [WeatherCache.java:25] resetCache
2020-06-22 15:15:13,836 INFO [pool-2-thread-1] [WeatherCache.java:25] resetCache
2020-06-22 15:15:16,678 INFO [main] [StartupInfoLogger.java:61] Started WeatherdemoApplication in 47.283 seconds (JVM running for 48.819)
2020-06-22 15:15:21,209 INFO [http-nio-8080-exec-1] [WeatherRestController.java:30] get weather
2020-06-22 15:15:21,221 INFO [ForkJoinPool.commonPool-worker-3] [YandexWeatherService.java:26] Yandex performing request...
2020-06-22 15:15:21,222 INFO [ForkJoinPool.commonPool-worker-5] [OpenWeatherService.java:46] Open performing request...
2020-06-22 15:15:23,292 INFO [pool-2-thread-1] [WeatherCache.java:25] resetCache
2020-06-22 15:15:30,340 INFO [ForkJoinPool.commonPool-worker-5] [OpenWeatherService.java:51] Open request done.
2020-06-22 15:15:36,450 INFO [pool-2-thread-1] [WeatherCache.java:25] resetCache
2020-06-22 15:15:38,002 INFO [ForkJoinPool.commonPool-worker-3] [YandexWeatherService.java:31] Yandex request done.
2020-06-22 15:15:43,291 INFO [pool-2-thread-1] [WeatherCache.java:25] resetCache
2020-06-22 15:15:53,770 INFO [main] [WeatherdemoApplication.java:36] starting app...
2020-06-22 15:15:54,210 INFO [main] [StartupInfoLogger.java:55] Starting WeatherdemoApplication on gu62ql7 with PID 12712 (C:\v\java\GitHub\cynepCTAPuk\headFirstJava\otus\webinar20191213\weaterdemo\target\classes started by CTAPuk in C:\v\java\GitHub\cynepCTAPuk\headFirstJava\otus\webinar20191213\weaterdemo)
2020-06-22 15:15:54,211 INFO [main] [SpringApplication.java:651] No active profile set, falling back to default profiles: default
2020-06-22 15:15:55,247 INFO [pool-2-thread-1] [WeatherCache.java:25] resetCache
2020-06-22 15:15:55,510 INFO [main] [StartupInfoLogger.java:61] Started WeatherdemoApplication in 1.654 seconds (JVM running for 2.431)
2020-06-22 15:16:02,347 INFO [http-nio-8080-exec-1] [WeatherRestController.java:30] get weather
2020-06-22 15:16:02,351 INFO [ForkJoinPool.commonPool-worker-3] [OpenWeatherService.java:46] Open performing request...
2020-06-22 15:16:02,351 INFO [ForkJoinPool.commonPool-worker-5] [YandexWeatherService.java:26] Yandex performing request...
2020-06-22 15:16:02,845 INFO [ForkJoinPool.commonPool-worker-3] [OpenWeatherService.java:51] Open request done.
2020-06-22 15:16:03,616 INFO [ForkJoinPool.commonPool-worker-5] [YandexWeatherService.java:31] Yandex request done.
2020-06-22 15:16:05,249 INFO [pool-2-thread-1] [WeatherCache.java:25] resetCache
2020-06-22 15:16:15,249 INFO [pool-2-thread-1] [WeatherCache.java:25] resetCache
2020-06-22 15:16:25,248 INFO [pool-2-thread-1] [WeatherCache.java:25] resetCache
2020-06-22 15:16:35,249 INFO [pool-2-thread-1] [WeatherCache.java:25] resetCache
2020-06-22 15:16:45,250 INFO [pool-2-thread-1] [WeatherCache.java:25] resetCache
2020-06-22 15:16:58,029 INFO [main] [WeatherdemoApplication.java:36] starting app...
2020-06-22 15:16:58,433 INFO [main] [StartupInfoLogger.java:55] Starting WeatherdemoApplication on gu62ql7 with PID 22792 (C:\v\java\GitHub\cynepCTAPuk\headFirstJava\otus\webinar20191213\weaterdemo\target\classes started by CTAPuk in C:\v\java\GitHub\cynepCTAPuk\headFirstJava\otus\webinar20191213\weaterdemo)
2020-06-22 15:16:58,434 INFO [main] [SpringApplication.java:651] No active profile set, falling back to default profiles: default
2020-06-22 15:16:59,446 INFO [pool-2-thread-1] [WeatherCache.java:25] resetCache
2020-06-22 15:16:59,628 INFO [main] [StartupInfoLogger.java:61] Started WeatherdemoApplication in 1.528 seconds (JVM running for 2.249)
2020-06-22 15:17:09,446 INFO [pool-2-thread-1] [WeatherCache.java:25] resetCache
2020-06-22 15:17:19,447 INFO [pool-2-thread-1] [WeatherCache.java:25] resetCache
2020-06-22 15:17:25,173 INFO [http-nio-8080-exec-1] [WeatherRestController.java:30] get weather
2020-06-22 15:17:25,176 INFO [ForkJoinPool.commonPool-worker-3] [OpenWeatherService.java:46] OpenWeather performing request...
2020-06-22 15:17:25,176 INFO [ForkJoinPool.commonPool-worker-5] [YandexWeatherService.java:26] Yandex performing request...
2020-06-22 15:17:25,601 INFO [ForkJoinPool.commonPool-worker-3] [OpenWeatherService.java:51] Open request done.
2020-06-22 15:17:26,429 INFO [ForkJoinPool.commonPool-worker-5] [YandexWeatherService.java:31] Yandex request done.
2020-06-22 15:17:29,446 INFO [pool-2-thread-1] [WeatherCache.java:25] resetCache
2020-06-22 15:17:39,446 INFO [pool-2-thread-1] [WeatherCache.java:25] resetCache
2020-06-22 15:33:41,363 INFO [main] [WeatherdemoApplication.java:36] starting app...
2020-06-22 15:33:41,789 INFO [main] [StartupInfoLogger.java:55] Starting WeatherdemoApplication on gu62ql7 with PID 21628 (C:\v\java\GitHub\cynepCTAPuk\headFirstJava\otus\webinar20191213\weaterdemo\target\classes started by CTAPuk in C:\v\java\GitHub\cynepCTAPuk\headFirstJava\otus\webinar20191213\weaterdemo)
2020-06-22 15:33:41,790 INFO [main] [SpringApplication.java:651] No active profile set, falling back to default profiles: default
2020-06-22 15:33:42,875 INFO [pool-2-thread-1] [WeatherCache.java:25] resetCache
2020-06-22 15:33:43,063 INFO [main] [StartupInfoLogger.java:61] Started WeatherdemoApplication in 1.622 seconds (JVM running for 2.368)
2020-06-22 15:33:52,877 INFO [pool-2-thread-1] [WeatherCache.java:25] resetCache
2020-06-22 15:34:00,557 INFO [http-nio-8080-exec-1] [WeatherRestController.java:30] get weather
2020-06-22 15:34:00,560 INFO [ForkJoinPool.commonPool-worker-5] [YandexWeatherService.java:26] Yandex performing request...
2020-06-22 15:34:00,560 INFO [ForkJoinPool.commonPool-worker-3] [OpenWeatherService.java:46] OpenWeather performing request...
2020-06-22 15:34:01,010 INFO [ForkJoinPool.commonPool-worker-3] [OpenWeatherService.java:51] OpenWeather request done.
2020-06-22 15:34:01,871 INFO [ForkJoinPool.commonPool-worker-5] [YandexWeatherService.java:31] Yandex request done.
2020-06-22 15:34:02,876 INFO [pool-2-thread-1] [WeatherCache.java:25] resetCache
2020-06-22 15:34:03,653 INFO [http-nio-8080-exec-2] [WeatherRestController.java:30] get weather
2020-06-22 15:34:03,654 INFO [ForkJoinPool.commonPool-worker-5] [OpenWeatherService.java:46] OpenWeather performing request...
2020-06-22 15:34:03,654 INFO [ForkJoinPool.commonPool-worker-3] [YandexWeatherService.java:26] Yandex performing request...
2020-06-22 15:34:03,704 INFO [ForkJoinPool.commonPool-worker-5] [OpenWeatherService.java:51] OpenWeather request done.
2020-06-22 15:34:04,846 INFO [ForkJoinPool.commonPool-worker-3] [YandexWeatherService.java:31] Yandex request done.
2020-06-22 15:34:12,876 INFO [pool-2-thread-1] [WeatherCache.java:25] resetCache
2020-06-22 15:50:15,676 INFO [main] [WeatherdemoApplication.java:36] starting app...
2020-06-22 15:50:16,073 INFO [main] [StartupInfoLogger.java:55] Starting WeatherdemoApplication on gu62ql7 with PID 22828 (C:\v\java\GitHub\cynepCTAPuk\headFirstJava\otus\webinar20191213\weaterdemo\target\classes started by CTAPuk in C:\v\java\GitHub\cynepCTAPuk\headFirstJava\otus\webinar20191213\weaterdemo)
2020-06-22 15:50:16,074 INFO [main] [SpringApplication.java:651] No active profile set, falling back to default profiles: default
2020-06-22 15:50:17,126 INFO [pool-2-thread-1] [WeatherCache.java:25] resetCache
2020-06-22 15:50:17,341 INFO [main] [StartupInfoLogger.java:61] Started WeatherdemoApplication in 1.584 seconds (JVM running for 2.252)
2020-06-22 15:50:23,788 INFO [http-nio-8080-exec-1] [WeatherRestController.java:30] get weather
2020-06-22 15:50:23,791 INFO [ForkJoinPool.commonPool-worker-3] [OpenWeatherService.java:46] OpenWeather performing request...
2020-06-22 15:50:23,791 INFO [ForkJoinPool.commonPool-worker-5] [YandexWeatherService.java:26] Yandex performing request...
2020-06-22 15:50:24,237 INFO [ForkJoinPool.commonPool-worker-3] [OpenWeatherService.java:51] OpenWeather request done.
2020-06-22 15:50:24,766 INFO [ForkJoinPool.commonPool-worker-5] [YandexWeatherService.java:31] Yandex request done.
2020-06-22 15:50:27,126 INFO [pool-2-thread-1] [WeatherCache.java:25] resetCache
2020-06-22 15:50:32,988 INFO [http-nio-8080-exec-2] [WeatherRestController.java:30] get weather
2020-06-22 15:50:32,988 INFO [ForkJoinPool.commonPool-worker-5] [OpenWeatherService.java:46] OpenWeather performing request...
2020-06-22 15:50:32,988 INFO [ForkJoinPool.commonPool-worker-3] [YandexWeatherService.java:26] Yandex performing request...
2020-06-22 15:50:33,121 INFO [ForkJoinPool.commonPool-worker-5] [OpenWeatherService.java:51] OpenWeather request done.
2020-06-22 15:50:33,680 INFO [ForkJoinPool.commonPool-worker-3] [YandexWeatherService.java:31] Yandex request done.
2020-06-22 15:50:37,060 INFO [http-nio-8080-exec-3] [WeatherRestController.java:30] get weather
2020-06-22 15:50:37,126 INFO [pool-2-thread-1] [WeatherCache.java:25] resetCache
2020-06-22 15:50:49,290 INFO [main] [WeatherdemoApplication.java:36] starting app...
2020-06-22 15:50:49,687 INFO [main] [StartupInfoLogger.java:55] Starting WeatherdemoApplication on gu62ql7 with PID 22588 (C:\v\java\GitHub\cynepCTAPuk\headFirstJava\otus\webinar20191213\weaterdemo\target\classes started by CTAPuk in C:\v\java\GitHub\cynepCTAPuk\headFirstJava\otus\webinar20191213\weaterdemo)
2020-06-22 15:50:49,688 INFO [main] [SpringApplication.java:651] No active profile set, falling back to default profiles: default
2020-06-22 15:50:50,711 INFO [pool-2-thread-1] [WeatherCache.java:25] resetCache
2020-06-22 15:50:50,899 INFO [main] [StartupInfoLogger.java:61] Started WeatherdemoApplication in 1.529 seconds (JVM running for 2.233)
2020-06-22 15:50:52,538 INFO [http-nio-8080-exec-1] [WeatherRestController.java:30] get weather
2020-06-22 15:50:52,540 INFO [ForkJoinPool.commonPool-worker-5] [YandexWeatherService.java:26] Yandex performing request...
2020-06-22 15:50:52,541 INFO [ForkJoinPool.commonPool-worker-3] [OpenWeatherService.java:46] OpenWeather performing request...
2020-06-22 15:50:52,902 INFO [ForkJoinPool.commonPool-worker-3] [OpenWeatherService.java:51] OpenWeather request done.
2020-06-22 15:50:53,018 INFO [ForkJoinPool.commonPool-worker-5] [YandexWeatherService.java:31] Yandex request done.
2020-06-22 15:51:00,227 INFO [http-nio-8080-exec-2] [WeatherRestController.java:30] get weather
2020-06-22 15:51:00,711 INFO [pool-2-thread-1] [WeatherCache.java:25] resetCache
2020-06-22 15:51:01,997 INFO [http-nio-8080-exec-3] [WeatherRestController.java:30] get weather
2020-06-22 15:51:01,998 INFO [ForkJoinPool.commonPool-worker-5] [OpenWeatherService.java:46] OpenWeather performing request...
2020-06-22 15:51:01,998 INFO [ForkJoinPool.commonPool-worker-3] [YandexWeatherService.java:26] Yandex performing request...
2020-06-22 15:51:02,165 INFO [ForkJoinPool.commonPool-worker-5] [OpenWeatherService.java:51] OpenWeather request done.
2020-06-22 15:51:02,263 INFO [ForkJoinPool.commonPool-worker-3] [YandexWeatherService.java:31] Yandex request done.
2020-06-22 15:51:03,708 INFO [http-nio-8080-exec-4] [WeatherRestController.java:30] get weather
2020-06-22 15:51:05,390 INFO [http-nio-8080-exec-5] [WeatherRestController.java:30] get weather
2020-06-22 15:51:10,712 INFO [pool-2-thread-1] [WeatherCache.java:25] resetCache
2020-06-22 15:51:15,744 INFO [main] [WeatherdemoApplication.java:36] starting app...
2020-06-22 15:51:16,411 INFO [main] [StartupInfoLogger.java:55] Starting WeatherdemoApplication on gu62ql7 with PID 18280 (C:\v\java\GitHub\cynepCTAPuk\headFirstJava\otus\webinar20191213\weaterdemo\target\classes started by CTAPuk in C:\v\java\GitHub\cynepCTAPuk\headFirstJava\otus\webinar20191213\weaterdemo)
2020-06-22 15:51:16,412 INFO [main] [SpringApplication.java:651] No active profile set, falling back to default profiles: default
2020-06-22 15:51:17,533 INFO [pool-2-thread-1] [WeatherCache.java:25] resetCache
2020-06-22 15:51:17,725 INFO [main] [StartupInfoLogger.java:61] Started WeatherdemoApplication in 1.783 seconds (JVM running for 2.624)
2020-06-22 15:51:19,721 INFO [http-nio-8080-exec-1] [WeatherRestController.java:30] get weather
2020-06-22 15:51:19,724 INFO [ForkJoinPool.commonPool-worker-3] [OpenWeatherService.java:46] OpenWeather performing request...
2020-06-22 15:51:19,724 INFO [ForkJoinPool.commonPool-worker-5] [YandexWeatherService.java:26] Yandex performing request...
2020-06-22 15:51:20,081 INFO [ForkJoinPool.commonPool-worker-3] [OpenWeatherService.java:51] OpenWeather request done.
2020-06-22 15:51:20,176 INFO [ForkJoinPool.commonPool-worker-5] [YandexWeatherService.java:31] Yandex request done.
2020-06-22 15:51:22,797 INFO [http-nio-8080-exec-2] [WeatherRestController.java:30] get weather
2020-06-22 15:51:26,179 INFO [http-nio-8080-exec-3] [WeatherRestController.java:30] get weather
2020-06-22 15:51:27,534 INFO [pool-2-thread-1] [WeatherCache.java:25] resetCache
2020-06-22 15:51:29,717 INFO [http-nio-8080-exec-4] [WeatherRestController.java:30] get weather
2020-06-22 15:51:29,718 INFO [ForkJoinPool.commonPool-worker-5] [OpenWeatherService.java:46] OpenWeather performing request...
2020-06-22 15:51:29,718 INFO [ForkJoinPool.commonPool-worker-3] [YandexWeatherService.java:26] Yandex performing request...
2020-06-22 15:51:29,859 INFO [ForkJoinPool.commonPool-worker-5] [OpenWeatherService.java:51] OpenWeather request done.
2020-06-22 15:51:29,877 INFO [ForkJoinPool.commonPool-worker-3] [YandexWeatherService.java:31] Yandex request done.
2020-06-22 15:51:32,708 INFO [http-nio-8080-exec-5] [WeatherRestController.java:30] get weather
2020-06-22 15:51:36,227 INFO [http-nio-8080-exec-6] [WeatherRestController.java:30] get weather
2020-06-22 15:51:37,534 INFO [pool-2-thread-1] [WeatherCache.java:25] resetCache
2020-06-22 15:51:41,332 INFO [http-nio-8080-exec-7] [WeatherRestController.java:30] get weather
2020-06-22 15:51:41,333 INFO [ForkJoinPool.commonPool-worker-3] [OpenWeatherService.java:46] OpenWeather performing request...
2020-06-22 15:51:41,333 INFO [ForkJoinPool.commonPool-worker-5] [YandexWeatherService.java:26] Yandex performing request...
2020-06-22 15:51:41,466 INFO [ForkJoinPool.commonPool-worker-3] [OpenWeatherService.java:51] OpenWeather request done.
2020-06-22 15:51:41,524 INFO [ForkJoinPool.commonPool-worker-5] [YandexWeatherService.java:31] Yandex request done.
2020-06-22 15:51:44,059 INFO [http-nio-8080-exec-8] [WeatherRestController.java:30] get weather
2020-06-22 15:51:47,124 INFO [http-nio-8080-exec-9] [WeatherRestController.java:30] get weather
2020-06-22 15:51:47,534 INFO [pool-2-thread-1] [WeatherCache.java:25] resetCache
2020-06-22 15:51:50,117 INFO [http-nio-8080-exec-10] [WeatherRestController.java:30] get weather
2020-06-22 15:51:50,117 INFO [ForkJoinPool.commonPool-worker-3] [YandexWeatherService.java:26] Yandex performing request...
2020-06-22 15:51:50,117 INFO [ForkJoinPool.commonPool-worker-5] [OpenWeatherService.java:46] OpenWeather performing request...
2020-06-22 15:51:50,264 INFO [ForkJoinPool.commonPool-worker-5] [OpenWeatherService.java:51] OpenWeather request done.
2020-06-22 15:51:50,349 INFO [ForkJoinPool.commonPool-worker-3] [YandexWeatherService.java:31] Yandex request done.
2020-06-22 15:51:53,028 INFO [http-nio-8080-exec-1] [WeatherRestController.java:30] get weather
2020-06-22 15:51:57,534 INFO [pool-2-thread-1] [WeatherCache.java:25] resetCache
2020-06-22 15:51:57,667 INFO [http-nio-8080-exec-2] [WeatherRestController.java:30] get weather
2020-06-22 15:51:57,668 INFO [ForkJoinPool.commonPool-worker-5] [YandexWeatherService.java:26] Yandex performing request...
2020-06-22 15:51:57,668 INFO [ForkJoinPool.commonPool-worker-3] [OpenWeatherService.java:46] OpenWeather performing request...
2020-06-22 15:51:57,811 INFO [ForkJoinPool.commonPool-worker-3] [OpenWeatherService.java:51] OpenWeather request done.
2020-06-22 15:51:57,839 INFO [ForkJoinPool.commonPool-worker-5] [YandexWeatherService.java:31] Yandex request done.
2020-06-22 15:52:07,534 INFO [pool-2-thread-1] [WeatherCache.java:25] resetCache
2020-06-22 15:52:17,533 INFO [pool-2-thread-1] [WeatherCache.java:25] resetCache
2020-06-22 15:52:27,535 INFO [pool-2-thread-1] [WeatherCache.java:25] resetCache
2020-06-22 15:52:37,533 INFO [pool-2-thread-1] [WeatherCache.java:25] resetCache
2020-06-22 15:52:47,534 INFO [pool-2-thread-1] [WeatherCache.java:25] resetCache
2020-06-22 15:52:57,535 INFO [pool-2-thread-1] [WeatherCache.java:25] resetCache
2020-06-22 15:53:07,534 INFO [pool-2-thread-1] [WeatherCache.java:25] resetCache
2020-06-22 15:53:17,533 INFO [pool-2-thread-1] [WeatherCache.java:25] resetCache
2020-06-22 15:53:27,535 INFO [pool-2-thread-1] [WeatherCache.java:25] resetCache
2020-06-22 15:53:37,535 INFO [pool-2-thread-1] [WeatherCache.java:25] resetCache
2020-06-22 15:53:47,533 INFO [pool-2-thread-1] [WeatherCache.java:25] resetCache
2020-06-22 15:53:57,533 INFO [pool-2-thread-1] [WeatherCache.java:25] resetCache
2020-06-22 15:54:02,385 INFO [main] [WeatherdemoApplication.java:36] starting app...
2020-06-22 15:54:02,842 INFO [main] [StartupInfoLogger.java:55] Starting WeatherdemoApplication on gu62ql7 with PID 11848 (C:\v\java\GitHub\cynepCTAPuk\headFirstJava\otus\webinar20191213\weaterdemo\target\classes started by CTAPuk in C:\v\java\GitHub\cynepCTAPuk\headFirstJava\otus\webinar20191213\weaterdemo)
2020-06-22 15:54:02,844 INFO [main] [SpringApplication.java:651] No active profile set, falling back to default profiles: default
2020-06-22 15:54:03,894 INFO [pool-2-thread-1] [WeatherCache.java:25] resetCache
2020-06-22 15:54:04,074 INFO [main] [StartupInfoLogger.java:61] Started WeatherdemoApplication in 1.611 seconds (JVM running for 2.297)
2020-06-22 15:54:05,316 INFO [http-nio-8080-exec-1] [WeatherRestController.java:30] get weather
2020-06-22 15:54:05,319 INFO [ForkJoinPool.commonPool-worker-5] [YandexWeatherService.java:26] Yandex performing request...
2020-06-22 15:54:05,319 INFO [ForkJoinPool.commonPool-worker-3] [OpenWeatherService.java:49] OpenWeather performing request...
2020-06-22 15:54:05,749 INFO [ForkJoinPool.commonPool-worker-3] [OpenWeatherService.java:55] OpenWeather request done.
2020-06-22 15:54:05,838 INFO [ForkJoinPool.commonPool-worker-5] [YandexWeatherService.java:31] Yandex request done.
2020-06-22 15:54:08,132 INFO [http-nio-8080-exec-2] [WeatherRestController.java:30] get weather
2020-06-22 15:54:10,300 INFO [http-nio-8080-exec-3] [WeatherRestController.java:30] get weather
2020-06-22 15:54:12,829 INFO [http-nio-8080-exec-4] [WeatherRestController.java:30] get weather
2020-06-22 15:54:13,896 INFO [pool-2-thread-1] [WeatherCache.java:25] resetCache
2020-06-22 15:54:19,179 INFO [http-nio-8080-exec-5] [WeatherRestController.java:30] get weather
2020-06-22 15:54:19,180 INFO [ForkJoinPool.commonPool-worker-5] [OpenWeatherService.java:49] OpenWeather performing request...
2020-06-22 15:54:19,180 INFO [ForkJoinPool.commonPool-worker-3] [YandexWeatherService.java:26] Yandex performing request...
2020-06-22 15:54:19,368 INFO [ForkJoinPool.commonPool-worker-3] [YandexWeatherService.java:31] Yandex request done.
2020-06-22 15:54:19,429 INFO [ForkJoinPool.commonPool-worker-5] [OpenWeatherService.java:55] OpenWeather request done.
2020-06-22 15:54:23,716 INFO [http-nio-8080-exec-6] [WeatherRestController.java:30] get weather
2020-06-22 15:54:23,895 INFO [pool-2-thread-1] [WeatherCache.java:25] resetCache
2020-06-22 15:54:26,068 INFO [http-nio-8080-exec-7] [WeatherRestController.java:30] get weather
2020-06-22 15:54:26,068 INFO [ForkJoinPool.commonPool-worker-3] [YandexWeatherService.java:26] Yandex performing request...
2020-06-22 15:54:26,068 INFO [ForkJoinPool.commonPool-worker-5] [OpenWeatherService.java:49] OpenWeather performing request...
2020-06-22 15:54:26,237 INFO [ForkJoinPool.commonPool-worker-3] [YandexWeatherService.java:31] Yandex request done.
2020-06-22 15:54:26,396 INFO [ForkJoinPool.commonPool-worker-5] [OpenWeatherService.java:55] OpenWeather request done.
2020-06-22 15:54:28,701 INFO [http-nio-8080-exec-8] [WeatherRestController.java:30] get weather
2020-06-22 15:54:30,283 INFO [http-nio-8080-exec-9] [WeatherRestController.java:30] get weather
2020-06-22 15:54:33,896 INFO [pool-2-thread-1] [WeatherCache.java:25] resetCache
2020-06-22 15:54:40,700 INFO [http-nio-8080-exec-10] [WeatherRestController.java:30] get weather
2020-06-22 15:54:40,701 INFO [ForkJoinPool.commonPool-worker-5] [OpenWeatherService.java:49] OpenWeather performing request...
2020-06-22 15:54:40,701 INFO [ForkJoinPool.commonPool-worker-3] [YandexWeatherService.java:26] Yandex performing request...
2020-06-22 15:54:40,876 INFO [ForkJoinPool.commonPool-worker-3] [YandexWeatherService.java:31] Yandex request done.
2020-06-22 15:54:40,944 INFO [ForkJoinPool.commonPool-worker-5] [OpenWeatherService.java:55] OpenWeather request done.
2020-06-22 15:54:43,896 INFO [pool-2-thread-1] [WeatherCache.java:25] resetCache
2020-06-22 15:54:53,896 INFO [pool-2-thread-1] [WeatherCache.java:25] resetCache
2020-06-22 15:54:56,066 INFO [http-nio-8080-exec-1] [WeatherRestController.java:30] get weather
2020-06-22 15:54:56,067 INFO [ForkJoinPool.commonPool-worker-5] [OpenWeatherService.java:49] OpenWeather performing request...
2020-06-22 15:54:56,067 INFO [ForkJoinPool.commonPool-worker-3] [YandexWeatherService.java:26] Yandex performing request...
2020-06-22 15:54:56,246 INFO [ForkJoinPool.commonPool-worker-3] [YandexWeatherService.java:31] Yandex request done.
2020-06-22 15:54:56,321 INFO [ForkJoinPool.commonPool-worker-5] [OpenWeatherService.java:55] OpenWeather request done.
2020-06-22 15:55:03,223 INFO [main] [WeatherdemoApplication.java:36] starting app...
2020-06-22 15:55:03,679 INFO [main] [StartupInfoLogger.java:55] Starting WeatherdemoApplication on gu62ql7 with PID 1628 (C:\v\java\GitHub\cynepCTAPuk\headFirstJava\otus\webinar20191213\weaterdemo\target\classes started by CTAPuk in C:\v\java\GitHub\cynepCTAPuk\headFirstJava\otus\webinar20191213\weaterdemo)
2020-06-22 15:55:03,680 INFO [main] [SpringApplication.java:651] No active profile set, falling back to default profiles: default
2020-06-22 15:55:04,741 INFO [pool-2-thread-1] [WeatherCache.java:25] resetCache
2020-06-22 15:55:04,932 INFO [main] [StartupInfoLogger.java:61] Started WeatherdemoApplication in 1.619 seconds (JVM running for 2.356)
2020-06-22 15:55:06,053 INFO [http-nio-8080-exec-1] [WeatherRestController.java:30] get weather
2020-06-22 15:55:06,055 INFO [ForkJoinPool.commonPool-worker-5] [YandexWeatherService.java:26] Yandex performing request...
2020-06-22 15:55:06,056 INFO [ForkJoinPool.commonPool-worker-3] [OpenWeatherService.java:49] OpenWeather performing request...
2020-06-22 15:55:06,442 INFO [ForkJoinPool.commonPool-worker-3] [OpenWeatherService.java:55] OpenWeather request done.
2020-06-22 15:55:06,748 INFO [ForkJoinPool.commonPool-worker-5] [YandexWeatherService.java:31] Yandex request done.
2020-06-22 15:55:09,404 INFO [http-nio-8080-exec-3] [WeatherRestController.java:30] get weather
2020-06-22 15:55:11,540 INFO [http-nio-8080-exec-2] [WeatherRestController.java:30] get weather
2020-06-22 15:55:13,860 INFO [http-nio-8080-exec-7] [WeatherRestController.java:30] get weather
2020-06-22 15:55:14,741 INFO [pool-2-thread-1] [WeatherCache.java:25] resetCache
2020-06-22 15:55:18,964 INFO [http-nio-8080-exec-4] [WeatherRestController.java:30] get weather
2020-06-22 15:55:18,965 INFO [ForkJoinPool.commonPool-worker-3] [OpenWeatherService.java:49] OpenWeather performing request...
2020-06-22 15:55:18,965 INFO [ForkJoinPool.commonPool-worker-5] [YandexWeatherService.java:26] Yandex performing request...
2020-06-22 15:55:19,153 INFO [ForkJoinPool.commonPool-worker-5] [YandexWeatherService.java:31] Yandex request done.
2020-06-22 15:55:19,177 INFO [ForkJoinPool.commonPool-worker-3] [OpenWeatherService.java:55] OpenWeather request done.
2020-06-22 15:55:24,742 INFO [pool-2-thread-1] [WeatherCache.java:25] resetCache
2020-06-22 15:55:34,741 INFO [pool-2-thread-1] [WeatherCache.java:25] resetCache
2020-06-22 15:55:44,742 INFO [pool-2-thread-1] [WeatherCache.java:25] resetCache
2020-06-22 15:55:54,741 INFO [pool-2-thread-1] [WeatherCache.java:25] resetCache
2020-06-22 15:56:04,742 INFO [pool-2-thread-1] [WeatherCache.java:25] resetCache
2020-06-22 15:56:14,742 INFO [pool-2-thread-1] [WeatherCache.java:25] resetCache
2020-06-22 15:56:24,743 INFO [pool-2-thread-1] [WeatherCache.java:25] resetCache
2020-06-22 15:56:34,742 INFO [pool-2-thread-1] [WeatherCache.java:25] resetCache
2020-06-22 15:56:42,721 INFO [http-nio-8080-exec-6] [WeatherRestController.java:30] get weather
2020-06-22 15:56:42,722 INFO [ForkJoinPool.commonPool-worker-5] [OpenWeatherService.java:49] OpenWeather performing request...
2020-06-22 15:56:42,722 INFO [ForkJoinPool.commonPool-worker-7] [YandexWeatherService.java:26] Yandex performing request...
2020-06-22 15:56:42,864 INFO [ForkJoinPool.commonPool-worker-5] [OpenWeatherService.java:55] OpenWeather request done.
2020-06-22 15:56:42,872 INFO [ForkJoinPool.commonPool-worker-7] [YandexWeatherService.java:31] Yandex request done.
2020-06-22 15:56:44,742 INFO [pool-2-thread-1] [WeatherCache.java:25] resetCache
2020-06-22 15:56:54,741 INFO [pool-2-thread-1] [WeatherCache.java:25] resetCache
2020-06-22 15:57:04,742 INFO [pool-2-thread-1] [WeatherCache.java:25] resetCache
2020-06-22 15:57:14,742 INFO [pool-2-thread-1] [WeatherCache.java:25] resetCache
2020-06-22 15:57:24,742 INFO [pool-2-thread-1] [WeatherCache.java:25] resetCache
2020-06-22 15:57:34,742 INFO [pool-2-thread-1] [WeatherCache.java:25] resetCache
2020-06-22 15:57:44,742 INFO [pool-2-thread-1] [WeatherCache.java:25] resetCache
2020-06-22 15:57:45,311 INFO [http-nio-8080-exec-9] [WeatherRestController.java:30] get weather
2020-06-22 15:57:45,311 INFO [ForkJoinPool.commonPool-worker-9] [OpenWeatherService.java:49] OpenWeather performing request...
2020-06-22 15:57:45,311 INFO [ForkJoinPool.commonPool-worker-5] [YandexWeatherService.java:26] Yandex performing request...
2020-06-22 15:57:45,527 INFO [ForkJoinPool.commonPool-worker-9] [OpenWeatherService.java:55] OpenWeather request done.
2020-06-22 15:57:45,569 INFO [ForkJoinPool.commonPool-worker-5] [YandexWeatherService.java:31] Yandex request done.
2020-06-22 15:57:54,741 INFO [pool-2-thread-1] [WeatherCache.java:25] resetCache
2020-06-22 15:58:04,742 INFO [pool-2-thread-1] [WeatherCache.java:25] resetCache
2020-06-22 15:58:14,741 INFO [pool-2-thread-1] [WeatherCache.java:25] resetCache
2020-06-22 15:58:24,742 INFO [pool-2-thread-1] [WeatherCache.java:25] resetCache
2020-06-22 15:58:34,742 INFO [pool-2-thread-1] [WeatherCache.java:25] resetCache
2020-06-22 15:58:39,406 INFO [http-nio-8080-exec-10] [WeatherRestController.java:30] get weather
2020-06-22 15:58:39,407 INFO [ForkJoinPool.commonPool-worker-9] [OpenWeatherService.java:49] OpenWeather performing request...
2020-06-22 15:58:39,407 INFO [ForkJoinPool.commonPool-worker-5] [YandexWeatherService.java:26] Yandex performing request...
2020-06-22 15:58:39,547 INFO [ForkJoinPool.commonPool-worker-9] [OpenWeatherService.java:55] OpenWeather request done.
2020-06-22 15:58:39,548 INFO [ForkJoinPool.commonPool-worker-5] [YandexWeatherService.java:31] Yandex request done.
2020-06-22 15:58:44,742 INFO [pool-2-thread-1] [WeatherCache.java:25] resetCache
2020-06-22 15:58:54,743 INFO [pool-2-thread-1] [WeatherCache.java:25] resetCache
2020-06-22 15:59:04,742 INFO [pool-2-thread-1] [WeatherCache.java:25] resetCache
2020-06-22 15:59:14,742 INFO [pool-2-thread-1] [WeatherCache.java:25] resetCache
2020-06-22 15:59:15,963 INFO [http-nio-8080-exec-1] [WeatherRestController.java:30] get weather
2020-06-22 15:59:15,963 INFO [ForkJoinPool.commonPool-worker-9] [OpenWeatherService.java:49] OpenWeather performing request...
2020-06-22 15:59:15,963 INFO [ForkJoinPool.commonPool-worker-5] [YandexWeatherService.java:26] Yandex performing request...
2020-06-22 15:59:16,103 INFO [ForkJoinPool.commonPool-worker-9] [OpenWeatherService.java:55] OpenWeather request done.
2020-06-22 15:59:16,243 INFO [ForkJoinPool.commonPool-worker-5] [YandexWeatherService.java:31] Yandex request done.
2020-06-22 15:59:24,741 INFO [pool-2-thread-1] [WeatherCache.java:25] resetCache
2020-06-22 15:59:34,743 INFO [pool-2-thread-1] [WeatherCache.java:25] resetCache
2020-06-22 15:59:44,741 INFO [pool-2-thread-1] [WeatherCache.java:25] resetCache
2020-06-22 15:59:54,742 INFO [pool-2-thread-1] [WeatherCache.java:25] resetCache
2020-06-22 16:00:04,741 INFO [pool-2-thread-1] [WeatherCache.java:25] resetCache
2020-06-22 16:00:14,742 INFO [pool-2-thread-1] [WeatherCache.java:25] resetCache
2020-06-22 16:00:24,742 INFO [pool-2-thread-1] [WeatherCache.java:25] resetCache
2020-06-22 16:00:34,743 INFO [pool-2-thread-1] [WeatherCache.java:25] resetCache
2020-06-22 16:00:44,742 INFO [pool-2-thread-1] [WeatherCache.java:25] resetCache
2020-06-22 16:00:54,742 INFO [pool-2-thread-1] [WeatherCache.java:25] resetCache
2020-06-22 16:01:04,742 INFO [pool-2-thread-1] [WeatherCache.java:25] resetCache
2020-06-22 16:01:14,741 INFO [pool-2-thread-1] [WeatherCache.java:25] resetCache
2020-06-22 16:01:24,742 INFO [pool-2-thread-1] [WeatherCache.java:25] resetCache
2020-06-22 16:01:34,742 INFO [pool-2-thread-1] [WeatherCache.java:25] resetCache
2020-06-22 16:01:43,670 INFO [http-nio-8080-exec-2] [WeatherRestController.java:30] get weather
2020-06-22 16:01:43,671 INFO [ForkJoinPool.commonPool-worker-11] [OpenWeatherService.java:49] OpenWeather performing request...
2020-06-22 16:01:43,671 INFO [ForkJoinPool.commonPool-worker-13] [YandexWeatherService.java:26] Yandex performing request...
2020-06-22 16:01:43,818 INFO [ForkJoinPool.commonPool-worker-13] [YandexWeatherService.java:31] Yandex request done.
2020-06-22 16:01:43,819 INFO [ForkJoinPool.commonPool-worker-11] [OpenWeatherService.java:55] OpenWeather request done.
2020-06-22 16:01:44,741 INFO [pool-2-thread-1] [WeatherCache.java:25] resetCache
2020-06-22 16:01:54,742 INFO [pool-2-thread-1] [WeatherCache.java:25] resetCache
2020-06-22 16:02:04,741 INFO [pool-2-thread-1] [WeatherCache.java:25] resetCache
2020-06-22 16:02:14,741 INFO [pool-2-thread-1] [WeatherCache.java:25] resetCache
2020-06-22 16:02:24,742 INFO [pool-2-thread-1] [WeatherCache.java:25] resetCache
2020-06-22 16:02:34,742 INFO [pool-2-thread-1] [WeatherCache.java:25] resetCache
2020-06-22 16:02:44,743 INFO [pool-2-thread-1] [WeatherCache.java:25] resetCache
2020-06-22 16:02:54,743 INFO [pool-2-thread-1] [WeatherCache.java:25] resetCache
2020-06-22 16:03:04,742 INFO [pool-2-thread-1] [WeatherCache.java:25] resetCache
2020-06-22 16:03:14,742 INFO [pool-2-thread-1] [WeatherCache.java:25] resetCache
2020-06-22 16:03:24,743 INFO [pool-2-thread-1] [WeatherCache.java:25] resetCache
2020-06-22 16:03:34,742 INFO [pool-2-thread-1] [WeatherCache.java:25] resetCache
2020-06-22 16:03:44,742 INFO [pool-2-thread-1] [WeatherCache.java:25] resetCache
2020-06-22 16:03:54,742 INFO [pool-2-thread-1] [WeatherCache.java:25] resetCache
2020-06-22 16:04:04,741 INFO [pool-2-thread-1] [WeatherCache.java:25] resetCache
2020-06-22 16:04:14,741 INFO [pool-2-thread-1] [WeatherCache.java:25] resetCache
2020-06-22 16:04:24,742 INFO [pool-2-thread-1] [WeatherCache.java:25] resetCache
2020-06-22 16:04:34,743 INFO [pool-2-thread-1] [WeatherCache.java:25] resetCache
2020-06-22 16:04:39,838 INFO [http-nio-8080-exec-4] [WeatherRestController.java:30] get weather
2020-06-22 16:04:39,838 INFO [ForkJoinPool.commonPool-worker-15] [OpenWeatherService.java:49] OpenWeather performing request...
2020-06-22 16:04:39,839 INFO [ForkJoinPool.commonPool-worker-1] [YandexWeatherService.java:26] Yandex performing request...
2020-06-22 16:04:40,022 INFO [ForkJoinPool.commonPool-worker-15] [OpenWeatherService.java:55] OpenWeather request done.
2020-06-22 16:04:40,075 INFO [ForkJoinPool.commonPool-worker-1] [YandexWeatherService.java:31] Yandex request done.
2020-06-22 16:04:42,028 INFO [http-nio-8080-exec-5] [WeatherRestController.java:30] get weather
2020-06-22 16:04:44,742 INFO [pool-2-thread-1] [WeatherCache.java:25] resetCache
2020-06-22 16:04:54,741 INFO [pool-2-thread-1] [WeatherCache.java:25] resetCache
2020-06-22 16:04:56,469 INFO [http-nio-8080-exec-6] [WeatherRestController.java:30] get weather
2020-06-22 16:04:56,469 INFO [ForkJoinPool.commonPool-worker-1] [OpenWeatherService.java:49] OpenWeather performing request...
2020-06-22 16:04:56,469 INFO [ForkJoinPool.commonPool-worker-15] [YandexWeatherService.java:26] Yandex performing request...
2020-06-22 16:04:56,607 INFO [ForkJoinPool.commonPool-worker-1] [OpenWeatherService.java:55] OpenWeather request done.
2020-06-22 16:04:56,652 INFO [ForkJoinPool.commonPool-worker-15] [YandexWeatherService.java:31] Yandex request done.
2020-06-22 16:04:58,124 INFO [http-nio-8080-exec-8] [WeatherRestController.java:30] get weather
2020-06-22 16:04:59,620 INFO [http-nio-8080-exec-9] [WeatherRestController.java:30] get weather
2020-06-22 16:05:04,743 INFO [pool-2-thread-1] [WeatherCache.java:25] resetCache
2020-06-22 16:05:08,037 INFO [http-nio-8080-exec-10] [WeatherRestController.java:30] get weather
2020-06-22 16:05:08,038 INFO [ForkJoinPool.commonPool-worker-1] [YandexWeatherService.java:26] Yandex performing request...
2020-06-22 16:05:08,038 INFO [ForkJoinPool.commonPool-worker-15] [OpenWeatherService.java:49] OpenWeather performing request...
2020-06-22 16:05:08,190 INFO [ForkJoinPool.commonPool-worker-15] [OpenWeatherService.java:55] OpenWeather request done.
2020-06-22 16:05:08,207 INFO [ForkJoinPool.commonPool-worker-1] [YandexWeatherService.java:31] Yandex request done.
2020-06-22 16:05:11,796 INFO [http-nio-8080-exec-1] [WeatherRestController.java:30] get weather
2020-06-22 16:05:13,788 INFO [http-nio-8080-exec-3] [WeatherRestController.java:30] get weather
2020-06-22 16:05:14,742 INFO [pool-2-thread-1] [WeatherCache.java:25] resetCache
2020-06-22 16:05:14,780 INFO [http-nio-8080-exec-2] [WeatherRestController.java:30] get weather
2020-06-22 16:05:14,781 INFO [ForkJoinPool.commonPool-worker-15] [YandexWeatherService.java:26] Yandex performing request...
2020-06-22 16:05:14,781 INFO [ForkJoinPool.commonPool-worker-1] [OpenWeatherService.java:49] OpenWeather performing request...
2020-06-22 16:05:14,947 INFO [ForkJoinPool.commonPool-worker-1] [OpenWeatherService.java:55] OpenWeather request done.
2020-06-22 16:05:14,981 INFO [ForkJoinPool.commonPool-worker-15] [YandexWeatherService.java:31] Yandex request done.
2020-06-22 16:05:16,183 INFO [http-nio-8080-exec-7] [WeatherRestController.java:30] get weather
2020-06-22 16:05:17,187 INFO [http-nio-8080-exec-4] [WeatherRestController.java:30] get weather
2020-06-22 16:05:18,173 INFO [http-nio-8080-exec-5] [WeatherRestController.java:30] get weather
2020-06-22 16:05:19,107 INFO [http-nio-8080-exec-6] [WeatherRestController.java:30] get weather
2020-06-22 16:05:19,859 INFO [http-nio-8080-exec-8] [WeatherRestController.java:30] get weather
2020-06-22 16:05:20,587 INFO [http-nio-8080-exec-9] [WeatherRestController.java:30] get weather
2020-06-22 16:05:21,298 INFO [http-nio-8080-exec-10] [WeatherRestController.java:30] get weather
2020-06-22 16:05:22,244 INFO [http-nio-8080-exec-1] [WeatherRestController.java:30] get weather
2020-06-22 16:05:23,267 INFO [http-nio-8080-exec-3] [WeatherRestController.java:30] get weather
2020-06-22 16:05:24,742 INFO [pool-2-thread-1] [WeatherCache.java:25] resetCache
2020-06-22 16:05:26,260 INFO [http-nio-8080-exec-2] [WeatherRestController.java:30] get weather
2020-06-22 16:05:26,260 INFO [ForkJoinPool.commonPool-worker-1] [YandexWeatherService.java:26] Yandex performing request...
2020-06-22 16:05:26,260 INFO [ForkJoinPool.commonPool-worker-15] [OpenWeatherService.java:49] OpenWeather performing request...
2020-06-22 16:05:26,426 INFO [ForkJoinPool.commonPool-worker-15] [OpenWeatherService.java:55] OpenWeather request done.
2020-06-22 16:05:26,455 INFO [ForkJoinPool.commonPool-worker-1] [YandexWeatherService.java:31] Yandex request done.
2020-06-22 16:05:34,741 INFO [pool-2-thread-1] [WeatherCache.java:25] resetCache
2020-06-22 16:05:44,742 INFO [pool-2-thread-1] [WeatherCache.java:25] resetCache
2020-06-22 16:05:54,742 INFO [pool-2-thread-1] [WeatherCache.java:25] resetCache
2020-06-22 16:06:04,742 INFO [pool-2-thread-1] [WeatherCache.java:25] resetCache
2020-06-22 16:06:14,742 INFO [pool-2-thread-1] [WeatherCache.java:25] resetCache
2020-06-22 16:06:20,308 INFO [http-nio-8080-exec-7] [WeatherRestController.java:30] get weather
2020-06-22 16:06:20,308 INFO [ForkJoinPool.commonPool-worker-15] [OpenWeatherService.java:49] OpenWeather performing request...
2020-06-22 16:06:20,308 INFO [ForkJoinPool.commonPool-worker-1] [YandexWeatherService.java:26] Yandex performing request...
2020-06-22 16:06:20,447 INFO [ForkJoinPool.commonPool-worker-15] [OpenWeatherService.java:55] OpenWeather request done.
2020-06-22 16:06:20,509 INFO [ForkJoinPool.commonPool-worker-1] [YandexWeatherService.java:31] Yandex request done.
2020-06-22 16:06:24,741 INFO [pool-2-thread-1] [WeatherCache.java:25] resetCache
2020-06-22 16:06:34,741 INFO [pool-2-thread-1] [WeatherCache.java:25] resetCache
2020-06-22 16:06:44,751 INFO [pool-2-thread-1] [WeatherCache.java:25] resetCache
2020-06-22 16:06:54,743 INFO [pool-2-thread-1] [WeatherCache.java:25] resetCache
2020-06-22 16:07:04,742 INFO [pool-2-thread-1] [WeatherCache.java:25] resetCache
2020-06-22 16:07:14,743 INFO [pool-2-thread-1] [WeatherCache.java:25] resetCache
2020-06-22 16:07:24,742 INFO [pool-2-thread-1] [WeatherCache.java:25] resetCache
2020-06-22 16:07:34,742 INFO [pool-2-thread-1] [WeatherCache.java:25] resetCache
2020-06-22 16:07:44,743 INFO [pool-2-thread-1] [WeatherCache.java:25] resetCache
2020-06-22 16:07:54,742 INFO [pool-2-thread-1] [WeatherCache.java:25] resetCache
2020-06-22 16:08:04,741 INFO [pool-2-thread-1] [WeatherCache.java:25] resetCache
2020-06-22 16:08:14,741 INFO [pool-2-thread-1] [WeatherCache.java:25] resetCache
2020-06-22 16:08:24,741 INFO [pool-2-thread-1] [WeatherCache.java:25] resetCache
2020-06-22 16:08:34,742 INFO [pool-2-thread-1] [WeatherCache.java:25] resetCache
2020-06-22 16:08:44,741 INFO [pool-2-thread-1] [WeatherCache.java:25] resetCache
2020-06-22 16:08:54,742 INFO [pool-2-thread-1] [WeatherCache.java:25] resetCache
2020-06-22 16:09:04,741 INFO [pool-2-thread-1] [WeatherCache.java:25] resetCache
2020-06-22 16:09:14,741 INFO [pool-2-thread-1] [WeatherCache.java:25] resetCache
2020-06-22 16:09:24,742 INFO [pool-2-thread-1] [WeatherCache.java:25] resetCache
2020-06-22 16:09:34,742 INFO [pool-2-thread-1] [WeatherCache.java:25] resetCache
2020-06-22 16:09:44,741 INFO [pool-2-thread-1] [WeatherCache.java:25] resetCache
2020-06-22 16:09:54,742 INFO [pool-2-thread-1] [WeatherCache.java:25] resetCache
2020-06-22 16:10:04,742 INFO [pool-2-thread-1] [WeatherCache.java:25] resetCache
2020-06-22 16:10:14,741 INFO [pool-2-thread-1] [WeatherCache.java:25] resetCache
2020-06-22 16:10:24,741 INFO [pool-2-thread-1] [WeatherCache.java:25] resetCache
2020-06-22 16:10:34,742 INFO [pool-2-thread-1] [WeatherCache.java:25] resetCache
2020-06-22 16:10:44,741 INFO [pool-2-thread-1] [WeatherCache.java:25] resetCache
2020-06-22 16:10:54,741 INFO [pool-2-thread-1] [WeatherCache.java:25] resetCache
2020-06-22 16:11:04,742 INFO [pool-2-thread-1] [WeatherCache.java:25] resetCache
2020-06-22 16:11:14,741 INFO [pool-2-thread-1] [WeatherCache.java:25] resetCache
2020-06-22 16:11:24,743 INFO [pool-2-thread-1] [WeatherCache.java:25] resetCache
2020-06-22 16:11:34,742 INFO [pool-2-thread-1] [WeatherCache.java:25] resetCache
